[ 2016-07-20T21:02:42+08:00 ] 127.0.0.1 /favicon.ico
INFO: [ app_init ] --START--
INFO: Run Behavior\BuildLiteBehavior [ RunTime:0.000038s ]
INFO: [ app_init ] --END-- [ RunTime:0.000610s ]
ERR: 无法加载模块:Favicon

[ 2016-07-20T21:45:35+08:00 ] 127.0.0.1 /Public/admin/ueditor/php/controller.php?action=config&&noCache=1469022335325
INFO: [ app_init ] --START--
INFO: Run Behavior\BuildLiteBehavior [ RunTime:0.000055s ]
INFO: [ app_init ] --END-- [ RunTime:0.000873s ]
ERR: 无法加载模块:Public

[ 2016-07-20T21:46:03+08:00 ] 127.0.0.1 /Public/admin/ueditor/php/controller.php?action=config&&noCache=1469022362962
INFO: [ app_init ] --START--
INFO: Run Behavior\BuildLiteBehavior [ RunTime:0.000051s ]
INFO: [ app_init ] --END-- [ RunTime:0.000891s ]
ERR: 无法加载模块:Public

[ 2016-07-20T21:46:24+08:00 ] 127.0.0.1 /Public/admin/ueditor/php/controller.php?action=config&&noCache=1469022384873
INFO: [ app_init ] --START--
INFO: Run Behavior\BuildLiteBehavior [ RunTime:0.000050s ]
INFO: [ app_init ] --END-- [ RunTime:0.000787s ]
ERR: 无法加载模块:Public

[ 2016-07-20T21:46:42+08:00 ] 127.0.0.1 /Public/admin/ueditor/php/controller.php?action=config&&noCache=1469022402310
INFO: [ app_init ] --START--
INFO: Run Behavior\BuildLiteBehavior [ RunTime:0.000044s ]
INFO: [ app_init ] --END-- [ RunTime:0.000684s ]
ERR: 无法加载模块:Public

[ 2016-07-20T21:46:53+08:00 ] 127.0.0.1 /Public/admin/ueditor/php/controller.php?action=config&&noCache=1469022412988
INFO: [ app_init ] --START--
INFO: Run Behavior\BuildLiteBehavior [ RunTime:0.000055s ]
INFO: [ app_init ] --END-- [ RunTime:0.000772s ]
ERR: 无法加载模块:Public

[ 2016-07-20T21:56:53+08:00 ] 127.0.0.1 /Public/admin/ueditor/php/controller.php?action=config&&noCache=1469023013369
INFO: [ app_init ] --START--
INFO: Run Behavior\BuildLiteBehavior [ RunTime:0.000058s ]
INFO: [ app_init ] --END-- [ RunTime:0.000766s ]
ERR: 无法加载模块:Public

[ 2016-07-20T22:00:39+08:00 ] 127.0.0.1 /Public/admin/ueditor/php/controller.php?action=config&&noCache=1469023239769
INFO: [ app_init ] --START--
INFO: Run Behavior\BuildLiteBehavior [ RunTime:0.000051s ]
INFO: [ app_init ] --END-- [ RunTime:0.000858s ]
ERR: 无法加载模块:Public

[ 2016-07-20T22:02:56+08:00 ] 127.0.0.1 /Public/admin/ueditor/php/controller.php?action=config&&noCache=1469023376548
INFO: [ app_init ] --START--
INFO: Run Behavior\BuildLiteBehavior [ RunTime:0.000061s ]
INFO: [ app_init ] --END-- [ RunTime:0.000993s ]
ERR: 无法加载模块:Public

[ 2016-07-20T22:03:16+08:00 ] 127.0.0.1 /Public/admin/ueditor/php/controller.php?action=config&&noCache=1469023396602
INFO: [ app_init ] --START--
INFO: Run Behavior\BuildLiteBehavior [ RunTime:0.000032s ]
INFO: [ app_init ] --END-- [ RunTime:0.000518s ]
ERR: 无法加载模块:Public

[ 2016-07-20T22:03:51+08:00 ] 127.0.0.1 /Public/admin/ueditor/php/controller.php?action=config&&noCache=1469023431048
INFO: [ app_init ] --START--
INFO: Run Behavior\BuildLiteBehavior [ RunTime:0.000030s ]
INFO: [ app_init ] --END-- [ RunTime:0.000485s ]
ERR: 无法加载模块:Public

[ 2016-07-20T22:04:19+08:00 ] 127.0.0.1 /Public/admin/ueditor/php/controller.php?action=config&&noCache=1469023459096
INFO: [ app_init ] --START--
INFO: Run Behavior\BuildLiteBehavior [ RunTime:0.000332s ]
INFO: [ app_init ] --END-- [ RunTime:0.001692s ]
ERR: 无法加载模块:Public

[ 2016-07-20T22:08:50+08:00 ] 127.0.0.1 /Public/admin/ueditor/php/controller.php?action=config&&noCache=1469023730001
INFO: [ app_init ] --START--
INFO: Run Behavior\BuildLiteBehavior [ RunTime:0.000030s ]
INFO: [ app_init ] --END-- [ RunTime:0.000478s ]
ERR: 无法加载模块:Public

[ 2016-07-20T22:10:11+08:00 ] 127.0.0.1 /public/themes/default/css/ueditor.css
INFO: [ app_init ] --START--
INFO: Run Behavior\BuildLiteBehavior [ RunTime:0.000072s ]
INFO: [ app_init ] --END-- [ RunTime:0.001186s ]
ERR: 无法加载模块:Public

[ 2016-07-20T22:10:11+08:00 ] 127.0.0.1 /public/themes/iframe.css
INFO: [ app_init ] --START--
INFO: Run Behavior\BuildLiteBehavior [ RunTime:0.000060s ]
INFO: [ app_init ] --END-- [ RunTime:0.000883s ]
ERR: 无法加载模块:Public

[ 2016-07-20T22:10:11+08:00 ] 127.0.0.1 /public/php/controller.php?action=config&&noCache=1469023811268
INFO: [ app_init ] --START--
INFO: Run Behavior\BuildLiteBehavior [ RunTime:0.000064s ]
INFO: [ app_init ] --END-- [ RunTime:0.001509s ]
ERR: 无法加载模块:Public

[ 2016-07-20T22:10:11+08:00 ] 127.0.0.1 /public/third-party/codemirror/codemirror.js
INFO: [ app_init ] --START--
INFO: Run Behavior\BuildLiteBehavior [ RunTime:0.000059s ]
INFO: [ app_init ] --END-- [ RunTime:0.000968s ]
ERR: 无法加载模块:Public

[ 2016-07-20T22:10:11+08:00 ] 127.0.0.1 /public/third-party/codemirror/codemirror.css
INFO: [ app_init ] --START--
INFO: Run Behavior\BuildLiteBehavior [ RunTime:0.000054s ]
INFO: [ app_init ] --END-- [ RunTime:0.001193s ]
ERR: 无法加载模块:Public

[ 2016-07-20T22:10:11+08:00 ] 127.0.0.1 /public/third-party/zeroclipboard/ZeroClipboard.js
INFO: [ app_init ] --START--
INFO: Run Behavior\BuildLiteBehavior [ RunTime:0.000052s ]
INFO: [ app_init ] --END-- [ RunTime:0.000870s ]
ERR: 无法加载模块:Public

[ 2016-07-20T22:10:33+08:00 ] 127.0.0.1 /Public/admin/ueditor/php/controller.php?action=config&&noCache=1469023833105
INFO: [ app_init ] --START--
INFO: Run Behavior\BuildLiteBehavior [ RunTime:0.000031s ]
INFO: [ app_init ] --END-- [ RunTime:0.000507s ]
ERR: 无法加载模块:Public

[ 2016-07-20T22:10:56+08:00 ] 127.0.0.1 /public/admin/themes/default/css/ueditor.css
INFO: [ app_init ] --START--
INFO: Run Behavior\BuildLiteBehavior [ RunTime:0.000032s ]
INFO: [ app_init ] --END-- [ RunTime:0.000518s ]
ERR: 无法加载模块:Public

[ 2016-07-20T22:10:56+08:00 ] 127.0.0.1 /public/admin/themes/iframe.css
INFO: [ app_init ] --START--
INFO: Run Behavior\BuildLiteBehavior [ RunTime:0.000065s ]
INFO: [ app_init ] --END-- [ RunTime:0.001036s ]
ERR: 无法加载模块:Public

[ 2016-07-20T22:10:56+08:00 ] 127.0.0.1 /public/admin/php/controller.php?action=config&&noCache=1469023856866
INFO: [ app_init ] --START--
INFO: Run Behavior\BuildLiteBehavior [ RunTime:0.000053s ]
INFO: [ app_init ] --END-- [ RunTime:0.007138s ]
ERR: 无法加载模块:Public

[ 2016-07-20T22:10:56+08:00 ] 127.0.0.1 /public/admin/third-party/codemirror/codemirror.js
INFO: [ app_init ] --START--
INFO: Run Behavior\BuildLiteBehavior [ RunTime:0.000058s ]
INFO: [ app_init ] --END-- [ RunTime:0.000835s ]
ERR: 无法加载模块:Public

[ 2016-07-20T22:10:56+08:00 ] 127.0.0.1 /public/admin/third-party/codemirror/codemirror.css
INFO: [ app_init ] --START--
INFO: Run Behavior\BuildLiteBehavior [ RunTime:0.000057s ]
INFO: [ app_init ] --END-- [ RunTime:0.000826s ]
ERR: 无法加载模块:Public

[ 2016-07-20T22:10:56+08:00 ] 127.0.0.1 /public/admin/third-party/zeroclipboard/ZeroClipboard.js
INFO: [ app_init ] --START--
INFO: Run Behavior\BuildLiteBehavior [ RunTime:0.000079s ]
INFO: [ app_init ] --END-- [ RunTime:0.002902s ]
ERR: 无法加载模块:Public

[ 2016-07-20T22:11:12+08:00 ] 127.0.0.1 /public/admin/ueditor/php/controller.php?action=config&&noCache=1469023872941
INFO: [ app_init ] --START--
INFO: Run Behavior\BuildLiteBehavior [ RunTime:0.000064s ]
INFO: [ app_init ] --END-- [ RunTime:0.000952s ]
ERR: 无法加载模块:Public

[ 2016-07-20T22:12:23+08:00 ] 127.0.0.1 /public/admin/ueditor/php/controller.php?action=config&&noCache=1469023943478
INFO: [ app_init ] --START--
INFO: Run Behavior\BuildLiteBehavior [ RunTime:0.000029s ]
INFO: [ app_init ] --END-- [ RunTime:0.000470s ]
ERR: 无法加载模块:Public

[ 2016-07-20T22:13:21+08:00 ] 127.0.0.1 /public/admin/ueditor/php/controller.php?action=config&&noCache=1469024001938
INFO: [ app_init ] --START--
INFO: Run Behavior\BuildLiteBehavior [ RunTime:0.000050s ]
INFO: [ app_init ] --END-- [ RunTime:0.000880s ]
ERR: 无法加载模块:Public

[ 2016-07-20T22:15:04+08:00 ] 127.0.0.1 /public/admin/ueditor/php/controller.php?action=config&&noCache=1469024104761
INFO: [ app_init ] --START--
INFO: Run Behavior\BuildLiteBehavior [ RunTime:0.000056s ]
INFO: [ app_init ] --END-- [ RunTime:0.000870s ]
ERR: 无法加载模块:Public

[ 2016-07-20T22:16:58+08:00 ] 127.0.0.1 /public/admin/ueditor/php/controller.php?action=config&&noCache=1469024218418
INFO: [ app_init ] --START--
INFO: Run Behavior\BuildLiteBehavior [ RunTime:0.000058s ]
INFO: [ app_init ] --END-- [ RunTime:0.001840s ]
ERR: 无法加载模块:Public

[ 2016-07-20T22:17:09+08:00 ] 127.0.0.1 /public/admin/ueditor/php/controller.php?action=config&&noCache=1469024218418
INFO: [ app_init ] --START--
INFO: Run Behavior\BuildLiteBehavior [ RunTime:0.000028s ]
INFO: [ app_init ] --END-- [ RunTime:0.000493s ]
ERR: 无法加载模块:Public

[ 2016-07-20T22:24:11+08:00 ] 127.0.0.1 /public/admin/ueditor/php/controller.php?action=config&&noCache=1469024651583
INFO: [ app_init ] --START--
INFO: Run Behavior\BuildLiteBehavior [ RunTime:0.000068s ]
INFO: [ app_init ] --END-- [ RunTime:0.000968s ]
ERR: 无法加载模块:Public

[ 2016-07-20T22:24:27+08:00 ] 127.0.0.1 /public/admin/ueditor/php/controller.php?action=config&&noCache=1469024651583
INFO: [ app_init ] --START--
INFO: Run Behavior\BuildLiteBehavior [ RunTime:0.000028s ]
INFO: [ app_init ] --END-- [ RunTime:0.000491s ]
ERR: 无法加载模块:Public

[ 2016-07-20T23:07:21+08:00 ] 127.0.0.1 /Upload/images/editor/20160720/1469027241112123.jpg
INFO: [ app_init ] --START--
INFO: Run Behavior\BuildLiteBehavior [ RunTime:0.000032s ]
INFO: [ app_init ] --END-- [ RunTime:0.000598s ]
ERR: 无法加载模块:Upload

[ 2016-07-20T23:09:30+08:00 ] 127.0.0.1 /Upload/images/editor/20160720/1469027370413363.jpg
INFO: [ app_init ] --START--
INFO: Run Behavior\BuildLiteBehavior [ RunTime:0.000033s ]
INFO: [ app_init ] --END-- [ RunTime:0.000728s ]
ERR: 无法加载模块:Upload

[ 2016-07-20T23:09:38+08:00 ] 127.0.0.1 /Upload/images/editor/20160720/1469027370413363.jpg
INFO: [ app_init ] --START--
INFO: Run Behavior\BuildLiteBehavior [ RunTime:0.000069s ]
INFO: [ app_init ] --END-- [ RunTime:0.001250s ]
ERR: 无法加载模块:Upload

[ 2016-07-20T23:11:33+08:00 ] 127.0.0.1 /Upload/images/editor/20160720/1469027493815667.jpg
INFO: [ app_init ] --START--
INFO: Run Behavior\BuildLiteBehavior [ RunTime:0.000031s ]
INFO: [ app_init ] --END-- [ RunTime:0.000831s ]
ERR: 无法加载模块:Upload

