[ 2016-09-18T09:23:22+08:00 ] 127.0.0.1 /admin.php
INFO: [ app_init ] --START--
INFO: Run Behavior\BuildLiteBehavior [ RunTime:0.000000s ]
INFO: [ app_init ] --END-- [ RunTime:0.001000s ]
INFO: [ app_begin ] --START--
INFO: Run Behavior\ReadHtmlCacheBehavior [ RunTime:0.000000s ]
INFO: [ app_begin ] --END-- [ RunTime:0.000000s ]
INFO: [ view_parse ] --START--
INFO: [ template_filter ] --START--
INFO: Run Behavior\ContentReplaceBehavior [ RunTime:0.000000s ]
INFO: [ template_filter ] --END-- [ RunTime:0.001000s ]
INFO: Run Behavior\ParseTemplateBehavior [ RunTime:0.107006s ]
INFO: [ view_parse ] --END-- [ RunTime:0.107006s ]
INFO: [ view_filter ] --START--
INFO: Run Behavior\WriteHtmlCacheBehavior [ RunTime:0.000000s ]
INFO: [ view_filter ] --END-- [ RunTime:0.001000s ]
INFO: [ app_end ] --START--
INFO: Run Behavior\ShowPageTraceBehavior [ RunTime:0.001000s ]
INFO: [ app_end ] --END-- [ RunTime:0.001000s ]

[ 2016-09-18T09:23:22+08:00 ] 127.0.0.1 /admin.php/Index/verify.html
INFO: [ app_init ] --START--
INFO: Run Behavior\BuildLiteBehavior [ RunTime:0.001000s ]
INFO: [ app_init ] --END-- [ RunTime:0.002000s ]
INFO: [ app_begin ] --START--
INFO: Run Behavior\ReadHtmlCacheBehavior [ RunTime:0.001000s ]
INFO: [ app_begin ] --END-- [ RunTime:0.001000s ]
INFO: [ app_end ] --START--
INFO: Run Behavior\ShowPageTraceBehavior [ RunTime:0.001000s ]
INFO: [ app_end ] --END-- [ RunTime:0.001000s ]

[ 2016-09-18T09:23:33+08:00 ] 127.0.0.1 /admin.php/Index/login.html
INFO: [ app_init ] --START--
INFO: Run Behavior\BuildLiteBehavior [ RunTime:0.000000s ]
INFO: [ app_init ] --END-- [ RunTime:0.000000s ]
INFO: [ app_begin ] --START--
INFO: Run Behavior\ReadHtmlCacheBehavior [ RunTime:0.000000s ]
INFO: [ app_begin ] --END-- [ RunTime:0.000000s ]
SQL: SHOW COLUMNS FROM `xman_admin` [ RunTime:0.1170s ]
SQL: SELECT * FROM `xman_admin` WHERE `admin_name` = 'admin' AND `password` = '7c4a8d09ca3762af61e59520943dc26494f8941b' LIMIT 1   [ RunTime:0.0000s ]

[ 2016-09-18T09:23:34+08:00 ] 127.0.0.1 /admin.php/Foods/index.html
INFO: [ app_init ] --START--
INFO: Run Behavior\BuildLiteBehavior [ RunTime:0.000000s ]
INFO: [ app_init ] --END-- [ RunTime:0.001000s ]
INFO: [ app_begin ] --START--
INFO: Run Behavior\ReadHtmlCacheBehavior [ RunTime:0.001001s ]
INFO: [ app_begin ] --END-- [ RunTime:0.001001s ]
SQL: SHOW COLUMNS FROM `xman_foods` [ RunTime:0.1570s ]
SQL: Call p_get_foods_details(0) [ RunTime:0.0300s ]
INFO: [ view_parse ] --START--
INFO: [ template_filter ] --START--
INFO: Run Behavior\ContentReplaceBehavior [ RunTime:0.000000s ]
INFO: [ template_filter ] --END-- [ RunTime:0.000000s ]
INFO: Run Behavior\ParseTemplateBehavior [ RunTime:0.025001s ]
INFO: [ view_parse ] --END-- [ RunTime:0.025001s ]
INFO: [ view_filter ] --START--
INFO: Run Behavior\WriteHtmlCacheBehavior [ RunTime:0.001000s ]
INFO: [ view_filter ] --END-- [ RunTime:0.001000s ]
INFO: [ app_end ] --START--
INFO: Run Behavior\ShowPageTraceBehavior [ RunTime:0.001000s ]
INFO: [ app_end ] --END-- [ RunTime:0.001000s ]

[ 2016-09-18T09:25:36+08:00 ] 127.0.0.1 /admin.php/Foods/editFoods/id/3.html
INFO: [ app_init ] --START--
INFO: Run Behavior\BuildLiteBehavior [ RunTime:0.000000s ]
INFO: [ app_init ] --END-- [ RunTime:0.001000s ]
INFO: [ app_begin ] --START--
INFO: Run Behavior\ReadHtmlCacheBehavior [ RunTime:0.000000s ]
INFO: [ app_begin ] --END-- [ RunTime:0.001000s ]
SQL: SHOW COLUMNS FROM `xman_foods` [ RunTime:0.0020s ]
SQL: Call p_get_foods_details(3) [ RunTime:0.0010s ]
SQL: SHOW COLUMNS FROM `xman_cuisine` [ RunTime:0.0030s ]
SQL: SELECT * FROM `xman_cuisine`  [ RunTime:0.0000s ]
INFO: [ view_parse ] --START--
INFO: [ template_filter ] --START--
INFO: Run Behavior\ContentReplaceBehavior [ RunTime:0.001000s ]
INFO: [ template_filter ] --END-- [ RunTime:0.001000s ]
NOTIC: [8] Use of undefined constant cuisines_id - assumed 'cuisines_id' F:\wamp\www\xmantoo\Application\Runtime\Cache\Admin\75edfeff9b3231b5745f692497e28168.php 第 115 行.
NOTIC: [8] Array to string conversion F:\wamp\www\xmantoo\Application\Runtime\Cache\Admin\75edfeff9b3231b5745f692497e28168.php 第 115 行.
NOTIC: [8] Use of undefined constant cuisines_id - assumed 'cuisines_id' F:\wamp\www\xmantoo\Application\Runtime\Cache\Admin\75edfeff9b3231b5745f692497e28168.php 第 115 行.
NOTIC: [8] Array to string conversion F:\wamp\www\xmantoo\Application\Runtime\Cache\Admin\75edfeff9b3231b5745f692497e28168.php 第 115 行.
NOTIC: [8] Use of undefined constant cuisines_id - assumed 'cuisines_id' F:\wamp\www\xmantoo\Application\Runtime\Cache\Admin\75edfeff9b3231b5745f692497e28168.php 第 115 行.
NOTIC: [8] Array to string conversion F:\wamp\www\xmantoo\Application\Runtime\Cache\Admin\75edfeff9b3231b5745f692497e28168.php 第 115 行.
NOTIC: [8] Use of undefined constant cuisines_id - assumed 'cuisines_id' F:\wamp\www\xmantoo\Application\Runtime\Cache\Admin\75edfeff9b3231b5745f692497e28168.php 第 115 行.
NOTIC: [8] Array to string conversion F:\wamp\www\xmantoo\Application\Runtime\Cache\Admin\75edfeff9b3231b5745f692497e28168.php 第 115 行.
NOTIC: [8] Use of undefined constant cuisines_id - assumed 'cuisines_id' F:\wamp\www\xmantoo\Application\Runtime\Cache\Admin\75edfeff9b3231b5745f692497e28168.php 第 115 行.
NOTIC: [8] Array to string conversion F:\wamp\www\xmantoo\Application\Runtime\Cache\Admin\75edfeff9b3231b5745f692497e28168.php 第 115 行.
NOTIC: [8] Use of undefined constant cuisines_id - assumed 'cuisines_id' F:\wamp\www\xmantoo\Application\Runtime\Cache\Admin\75edfeff9b3231b5745f692497e28168.php 第 115 行.
NOTIC: [8] Array to string conversion F:\wamp\www\xmantoo\Application\Runtime\Cache\Admin\75edfeff9b3231b5745f692497e28168.php 第 115 行.
NOTIC: [8] Use of undefined constant cuisines_id - assumed 'cuisines_id' F:\wamp\www\xmantoo\Application\Runtime\Cache\Admin\75edfeff9b3231b5745f692497e28168.php 第 115 行.
NOTIC: [8] Array to string conversion F:\wamp\www\xmantoo\Application\Runtime\Cache\Admin\75edfeff9b3231b5745f692497e28168.php 第 115 行.
NOTIC: [8] Use of undefined constant cuisines_id - assumed 'cuisines_id' F:\wamp\www\xmantoo\Application\Runtime\Cache\Admin\75edfeff9b3231b5745f692497e28168.php 第 115 行.
NOTIC: [8] Array to string conversion F:\wamp\www\xmantoo\Application\Runtime\Cache\Admin\75edfeff9b3231b5745f692497e28168.php 第 115 行.
NOTIC: [8] Use of undefined constant cuisines_id - assumed 'cuisines_id' F:\wamp\www\xmantoo\Application\Runtime\Cache\Admin\75edfeff9b3231b5745f692497e28168.php 第 115 行.
NOTIC: [8] Array to string conversion F:\wamp\www\xmantoo\Application\Runtime\Cache\Admin\75edfeff9b3231b5745f692497e28168.php 第 115 行.
NOTIC: [8] Use of undefined constant cuisines_id - assumed 'cuisines_id' F:\wamp\www\xmantoo\Application\Runtime\Cache\Admin\75edfeff9b3231b5745f692497e28168.php 第 115 行.
NOTIC: [8] Array to string conversion F:\wamp\www\xmantoo\Application\Runtime\Cache\Admin\75edfeff9b3231b5745f692497e28168.php 第 115 行.
NOTIC: [8] Use of undefined constant cuisines_id - assumed 'cuisines_id' F:\wamp\www\xmantoo\Application\Runtime\Cache\Admin\75edfeff9b3231b5745f692497e28168.php 第 115 行.
NOTIC: [8] Array to string conversion F:\wamp\www\xmantoo\Application\Runtime\Cache\Admin\75edfeff9b3231b5745f692497e28168.php 第 115 行.
NOTIC: [8] Use of undefined constant cuisines_id - assumed 'cuisines_id' F:\wamp\www\xmantoo\Application\Runtime\Cache\Admin\75edfeff9b3231b5745f692497e28168.php 第 115 行.
NOTIC: [8] Array to string conversion F:\wamp\www\xmantoo\Application\Runtime\Cache\Admin\75edfeff9b3231b5745f692497e28168.php 第 115 行.
NOTIC: [8] Use of undefined constant cuisines_id - assumed 'cuisines_id' F:\wamp\www\xmantoo\Application\Runtime\Cache\Admin\75edfeff9b3231b5745f692497e28168.php 第 115 行.
NOTIC: [8] Array to string conversion F:\wamp\www\xmantoo\Application\Runtime\Cache\Admin\75edfeff9b3231b5745f692497e28168.php 第 115 行.
NOTIC: [8] Use of undefined constant cuisines_id - assumed 'cuisines_id' F:\wamp\www\xmantoo\Application\Runtime\Cache\Admin\75edfeff9b3231b5745f692497e28168.php 第 115 行.
NOTIC: [8] Array to string conversion F:\wamp\www\xmantoo\Application\Runtime\Cache\Admin\75edfeff9b3231b5745f692497e28168.php 第 115 行.
NOTIC: [8] Use of undefined constant cuisines_id - assumed 'cuisines_id' F:\wamp\www\xmantoo\Application\Runtime\Cache\Admin\75edfeff9b3231b5745f692497e28168.php 第 115 行.
NOTIC: [8] Array to string conversion F:\wamp\www\xmantoo\Application\Runtime\Cache\Admin\75edfeff9b3231b5745f692497e28168.php 第 115 行.
NOTIC: [8] Use of undefined constant cuisines_id - assumed 'cuisines_id' F:\wamp\www\xmantoo\Application\Runtime\Cache\Admin\75edfeff9b3231b5745f692497e28168.php 第 115 行.
NOTIC: [8] Array to string conversion F:\wamp\www\xmantoo\Application\Runtime\Cache\Admin\75edfeff9b3231b5745f692497e28168.php 第 115 行.
NOTIC: [8] Use of undefined constant cuisines_id - assumed 'cuisines_id' F:\wamp\www\xmantoo\Application\Runtime\Cache\Admin\75edfeff9b3231b5745f692497e28168.php 第 115 行.
NOTIC: [8] Array to string conversion F:\wamp\www\xmantoo\Application\Runtime\Cache\Admin\75edfeff9b3231b5745f692497e28168.php 第 115 行.
INFO: Run Behavior\ParseTemplateBehavior [ RunTime:0.079004s ]
INFO: [ view_parse ] --END-- [ RunTime:0.080004s ]
INFO: [ view_filter ] --START--
INFO: Run Behavior\WriteHtmlCacheBehavior [ RunTime:0.000000s ]
INFO: [ view_filter ] --END-- [ RunTime:0.000000s ]
INFO: [ app_end ] --START--
INFO: Run Behavior\ShowPageTraceBehavior [ RunTime:0.002000s ]
INFO: [ app_end ] --END-- [ RunTime:0.002000s ]

