[ 2016-09-21T16:27:44+08:00 ] 127.0.0.1 /admin.php
INFO: [ app_init ] --START--
INFO: Run Behavior\BuildLiteBehavior [ RunTime:0.000000s ]
INFO: [ app_init ] --END-- [ RunTime:0.004000s ]
INFO: [ app_begin ] --START--
INFO: Run Behavior\ReadHtmlCacheBehavior [ RunTime:0.002000s ]
INFO: [ app_begin ] --END-- [ RunTime:0.002000s ]
INFO: [ view_parse ] --START--
INFO: [ template_filter ] --START--
INFO: Run Behavior\ContentReplaceBehavior [ RunTime:0.001000s ]
INFO: [ template_filter ] --END-- [ RunTime:0.001000s ]
INFO: Run Behavior\ParseTemplateBehavior [ RunTime:0.028002s ]
INFO: [ view_parse ] --END-- [ RunTime:0.028002s ]
INFO: [ view_filter ] --START--
INFO: Run Behavior\WriteHtmlCacheBehavior [ RunTime:0.001000s ]
INFO: [ view_filter ] --END-- [ RunTime:0.002000s ]
INFO: [ app_end ] --START--
INFO: Run Behavior\ShowPageTraceBehavior [ RunTime:0.001000s ]
INFO: [ app_end ] --END-- [ RunTime:0.001000s ]

[ 2016-09-21T16:27:44+08:00 ] 127.0.0.1 /admin.php/Index/verify.html
INFO: [ app_init ] --START--
INFO: Run Behavior\BuildLiteBehavior [ RunTime:0.000000s ]
INFO: [ app_init ] --END-- [ RunTime:0.001000s ]
INFO: [ app_begin ] --START--
INFO: Run Behavior\ReadHtmlCacheBehavior [ RunTime:0.001000s ]
INFO: [ app_begin ] --END-- [ RunTime:0.001000s ]
INFO: [ app_end ] --START--
INFO: Run Behavior\ShowPageTraceBehavior [ RunTime:0.001000s ]
INFO: [ app_end ] --END-- [ RunTime:0.001000s ]

[ 2016-09-21T16:27:55+08:00 ] 127.0.0.1 /admin.php/Index/login.html
INFO: [ app_init ] --START--
INFO: Run Behavior\BuildLiteBehavior [ RunTime:0.000000s ]
INFO: [ app_init ] --END-- [ RunTime:0.000000s ]
INFO: [ app_begin ] --START--
INFO: Run Behavior\ReadHtmlCacheBehavior [ RunTime:0.001000s ]
INFO: [ app_begin ] --END-- [ RunTime:0.001000s ]
INFO: [ view_parse ] --START--
INFO: [ template_filter ] --START--
INFO: Run Behavior\ContentReplaceBehavior [ RunTime:0.000000s ]
INFO: [ template_filter ] --END-- [ RunTime:0.000000s ]
INFO: Run Behavior\ParseTemplateBehavior [ RunTime:0.039002s ]
INFO: [ view_parse ] --END-- [ RunTime:0.039002s ]
INFO: [ view_filter ] --START--
INFO: Run Behavior\WriteHtmlCacheBehavior [ RunTime:0.001000s ]
INFO: [ view_filter ] --END-- [ RunTime:0.001000s ]

[ 2016-09-21T16:28:03+08:00 ] 127.0.0.1 /admin.php/Index/verify.html?0.6622544597494113
INFO: [ app_init ] --START--
INFO: Run Behavior\BuildLiteBehavior [ RunTime:0.000000s ]
INFO: [ app_init ] --END-- [ RunTime:0.000000s ]
INFO: [ app_begin ] --START--
INFO: Run Behavior\ReadHtmlCacheBehavior [ RunTime:0.001000s ]
INFO: [ app_begin ] --END-- [ RunTime:0.001000s ]
INFO: [ app_end ] --START--
INFO: Run Behavior\ShowPageTraceBehavior [ RunTime:0.001000s ]
INFO: [ app_end ] --END-- [ RunTime:0.001000s ]

[ 2016-09-21T16:28:07+08:00 ] 127.0.0.1 /admin.php/Index/login.html
INFO: [ app_init ] --START--
INFO: Run Behavior\BuildLiteBehavior [ RunTime:0.001000s ]
INFO: [ app_init ] --END-- [ RunTime:0.002000s ]
INFO: [ app_begin ] --START--
INFO: Run Behavior\ReadHtmlCacheBehavior [ RunTime:0.000000s ]
INFO: [ app_begin ] --END-- [ RunTime:0.001000s ]
SQL: SHOW COLUMNS FROM `xman_admin` [ RunTime:0.0020s ]
SQL: SELECT * FROM `xman_admin` WHERE `admin_name` = 'admin' AND `password` = '7c4a8d09ca3762af61e59520943dc26494f8941b' LIMIT 1   [ RunTime:0.0070s ]

[ 2016-09-21T16:28:07+08:00 ] 127.0.0.1 /admin.php/Foods/index.html
INFO: [ app_init ] --START--
INFO: Run Behavior\BuildLiteBehavior [ RunTime:0.000000s ]
INFO: [ app_init ] --END-- [ RunTime:0.001000s ]
INFO: [ app_begin ] --START--
INFO: Run Behavior\ReadHtmlCacheBehavior [ RunTime:0.000000s ]
INFO: [ app_begin ] --END-- [ RunTime:0.001000s ]
SQL: SHOW COLUMNS FROM `xman_foods` [ RunTime:0.0020s ]
SQL: Call p_get_foods_details(0) [ RunTime:0.0330s ]
INFO: [ view_parse ] --START--
INFO: [ template_filter ] --START--
INFO: Run Behavior\ContentReplaceBehavior [ RunTime:0.000000s ]
INFO: [ template_filter ] --END-- [ RunTime:0.001000s ]
INFO: Run Behavior\ParseTemplateBehavior [ RunTime:0.042003s ]
INFO: [ view_parse ] --END-- [ RunTime:0.043003s ]
INFO: [ view_filter ] --START--
INFO: Run Behavior\WriteHtmlCacheBehavior [ RunTime:0.001000s ]
INFO: [ view_filter ] --END-- [ RunTime:0.001000s ]
INFO: [ app_end ] --START--
INFO: Run Behavior\ShowPageTraceBehavior [ RunTime:0.000000s ]
INFO: [ app_end ] --END-- [ RunTime:0.001000s ]

[ 2016-09-21T16:28:14+08:00 ] 127.0.0.1 /admin.php/Article/index.html
INFO: [ app_init ] --START--
INFO: Run Behavior\BuildLiteBehavior [ RunTime:0.000000s ]
INFO: [ app_init ] --END-- [ RunTime:0.000000s ]
INFO: [ app_begin ] --START--
INFO: Run Behavior\ReadHtmlCacheBehavior [ RunTime:0.001000s ]
INFO: [ app_begin ] --END-- [ RunTime:0.001000s ]
INFO: [ view_parse ] --START--
INFO: [ template_filter ] --START--
INFO: Run Behavior\ContentReplaceBehavior [ RunTime:0.000000s ]
INFO: [ template_filter ] --END-- [ RunTime:0.000000s ]
INFO: Run Behavior\ParseTemplateBehavior [ RunTime:0.027002s ]
INFO: [ view_parse ] --END-- [ RunTime:0.028002s ]
INFO: [ view_filter ] --START--
INFO: Run Behavior\WriteHtmlCacheBehavior [ RunTime:0.000000s ]
INFO: [ view_filter ] --END-- [ RunTime:0.000000s ]
INFO: [ app_end ] --START--
INFO: Run Behavior\ShowPageTraceBehavior [ RunTime:0.000000s ]
INFO: [ app_end ] --END-- [ RunTime:0.001000s ]

[ 2016-09-21T16:28:17+08:00 ] 127.0.0.1 /admin.php/Article/addArticle.html
INFO: [ app_init ] --START--
INFO: Run Behavior\BuildLiteBehavior [ RunTime:0.000000s ]
INFO: [ app_init ] --END-- [ RunTime:0.000000s ]
INFO: [ app_begin ] --START--
INFO: Run Behavior\ReadHtmlCacheBehavior [ RunTime:0.001000s ]
INFO: [ app_begin ] --END-- [ RunTime:0.002000s ]
INFO: [ view_parse ] --START--
INFO: [ template_filter ] --START--
INFO: Run Behavior\ContentReplaceBehavior [ RunTime:0.000000s ]
INFO: [ template_filter ] --END-- [ RunTime:0.000000s ]
INFO: Run Behavior\ParseTemplateBehavior [ RunTime:0.051003s ]
INFO: [ view_parse ] --END-- [ RunTime:0.051003s ]
INFO: [ view_filter ] --START--
INFO: Run Behavior\WriteHtmlCacheBehavior [ RunTime:0.000000s ]
INFO: [ view_filter ] --END-- [ RunTime:0.000000s ]
INFO: [ app_end ] --START--
INFO: Run Behavior\ShowPageTraceBehavior [ RunTime:0.000000s ]
INFO: [ app_end ] --END-- [ RunTime:0.001000s ]

[ 2016-09-21T16:30:42+08:00 ] 127.0.0.1 /admin.php/Article/addArticle.html
INFO: [ app_init ] --START--
INFO: Run Behavior\BuildLiteBehavior [ RunTime:0.000000s ]
INFO: [ app_init ] --END-- [ RunTime:0.001000s ]
INFO: [ app_begin ] --START--
INFO: Run Behavior\ReadHtmlCacheBehavior [ RunTime:0.002000s ]
INFO: [ app_begin ] --END-- [ RunTime:0.002000s ]
SQL: SHOW COLUMNS FROM `xman_foods` [ RunTime:0.0030s ]
SQL: INSERT INTO `xman_foods` (`add_time`) VALUES ('1474446642') [ RunTime:0.0200s ]
INFO: [ view_parse ] --START--
INFO: [ template_filter ] --START--
INFO: Run Behavior\ContentReplaceBehavior [ RunTime:0.000000s ]
INFO: [ template_filter ] --END-- [ RunTime:0.001000s ]
INFO: Run Behavior\ParseTemplateBehavior [ RunTime:0.010000s ]
INFO: [ view_parse ] --END-- [ RunTime:0.010000s ]
INFO: [ view_filter ] --START--
INFO: Run Behavior\WriteHtmlCacheBehavior [ RunTime:0.000000s ]
INFO: [ view_filter ] --END-- [ RunTime:0.001000s ]
INFO: [ app_end ] --START--
INFO: Run Behavior\ShowPageTraceBehavior [ RunTime:0.001001s ]
INFO: [ app_end ] --END-- [ RunTime:0.001001s ]

[ 2016-09-21T16:30:43+08:00 ] 127.0.0.1 /admin.php/Article/addArticle.html
INFO: [ app_init ] --START--
INFO: Run Behavior\BuildLiteBehavior [ RunTime:0.000000s ]
INFO: [ app_init ] --END-- [ RunTime:0.000000s ]
INFO: [ app_begin ] --START--
INFO: Run Behavior\ReadHtmlCacheBehavior [ RunTime:0.001000s ]
INFO: [ app_begin ] --END-- [ RunTime:0.001000s ]
INFO: [ view_parse ] --START--
INFO: [ template_filter ] --START--
INFO: Run Behavior\ContentReplaceBehavior [ RunTime:0.001000s ]
INFO: [ template_filter ] --END-- [ RunTime:0.001000s ]
INFO: Run Behavior\ParseTemplateBehavior [ RunTime:0.030002s ]
INFO: [ view_parse ] --END-- [ RunTime:0.030002s ]
INFO: [ view_filter ] --START--
INFO: Run Behavior\WriteHtmlCacheBehavior [ RunTime:0.001000s ]
INFO: [ view_filter ] --END-- [ RunTime:0.001000s ]
INFO: [ app_end ] --START--
INFO: Run Behavior\ShowPageTraceBehavior [ RunTime:0.003000s ]
INFO: [ app_end ] --END-- [ RunTime:0.003000s ]

[ 2016-09-21T16:30:46+08:00 ] 127.0.0.1 /admin.php/Article/index.html
INFO: [ app_init ] --START--
INFO: Run Behavior\BuildLiteBehavior [ RunTime:0.000000s ]
INFO: [ app_init ] --END-- [ RunTime:0.000000s ]
INFO: [ app_begin ] --START--
INFO: Run Behavior\ReadHtmlCacheBehavior [ RunTime:0.001000s ]
INFO: [ app_begin ] --END-- [ RunTime:0.001000s ]
INFO: [ view_parse ] --START--
INFO: [ template_filter ] --START--
INFO: Run Behavior\ContentReplaceBehavior [ RunTime:0.000000s ]
INFO: [ template_filter ] --END-- [ RunTime:0.002000s ]
INFO: Run Behavior\ParseTemplateBehavior [ RunTime:0.027002s ]
INFO: [ view_parse ] --END-- [ RunTime:0.027002s ]
INFO: [ view_filter ] --START--
INFO: Run Behavior\WriteHtmlCacheBehavior [ RunTime:0.001000s ]
INFO: [ view_filter ] --END-- [ RunTime:0.001000s ]
INFO: [ app_end ] --START--
INFO: Run Behavior\ShowPageTraceBehavior [ RunTime:0.001000s ]
INFO: [ app_end ] --END-- [ RunTime:0.001000s ]

[ 2016-09-21T16:30:47+08:00 ] 127.0.0.1 /admin.php/Article/addArticle.html
INFO: [ app_init ] --START--
INFO: Run Behavior\BuildLiteBehavior [ RunTime:0.000000s ]
INFO: [ app_init ] --END-- [ RunTime:0.001000s ]
INFO: [ app_begin ] --START--
INFO: Run Behavior\ReadHtmlCacheBehavior [ RunTime:0.001000s ]
INFO: [ app_begin ] --END-- [ RunTime:0.001000s ]
INFO: [ view_parse ] --START--
INFO: [ template_filter ] --START--
INFO: Run Behavior\ContentReplaceBehavior [ RunTime:0.000000s ]
INFO: [ template_filter ] --END-- [ RunTime:0.000000s ]
INFO: Run Behavior\ParseTemplateBehavior [ RunTime:0.031002s ]
INFO: [ view_parse ] --END-- [ RunTime:0.031002s ]
INFO: [ view_filter ] --START--
INFO: Run Behavior\WriteHtmlCacheBehavior [ RunTime:0.001000s ]
INFO: [ view_filter ] --END-- [ RunTime:0.001000s ]
INFO: [ app_end ] --START--
INFO: Run Behavior\ShowPageTraceBehavior [ RunTime:0.001000s ]
INFO: [ app_end ] --END-- [ RunTime:0.001000s ]

[ 2016-09-21T16:34:01+08:00 ] 127.0.0.1 /admin.php/Article/addArticle.html
INFO: [ app_init ] --START--
INFO: Run Behavior\BuildLiteBehavior [ RunTime:0.000000s ]
INFO: [ app_init ] --END-- [ RunTime:0.000000s ]
INFO: [ app_begin ] --START--
INFO: Run Behavior\ReadHtmlCacheBehavior [ RunTime:0.002000s ]
INFO: [ app_begin ] --END-- [ RunTime:0.004000s ]
INFO: [ view_parse ] --START--
INFO: [ template_filter ] --START--
INFO: Run Behavior\ContentReplaceBehavior [ RunTime:0.000000s ]
INFO: [ template_filter ] --END-- [ RunTime:0.000000s ]
INFO: Run Behavior\ParseTemplateBehavior [ RunTime:0.034002s ]
INFO: [ view_parse ] --END-- [ RunTime:0.034002s ]
INFO: [ view_filter ] --START--
INFO: Run Behavior\WriteHtmlCacheBehavior [ RunTime:0.000000s ]
INFO: [ view_filter ] --END-- [ RunTime:0.000000s ]
INFO: [ app_end ] --START--
INFO: Run Behavior\ShowPageTraceBehavior [ RunTime:0.001000s ]
INFO: [ app_end ] --END-- [ RunTime:0.001000s ]

[ 2016-09-21T16:34:23+08:00 ] 127.0.0.1 /admin.php/Article/addArticle.html
INFO: [ app_init ] --START--
INFO: Run Behavior\BuildLiteBehavior [ RunTime:0.000000s ]
INFO: [ app_init ] --END-- [ RunTime:0.001000s ]
INFO: [ app_begin ] --START--
INFO: Run Behavior\ReadHtmlCacheBehavior [ RunTime:0.000000s ]
INFO: [ app_begin ] --END-- [ RunTime:0.001000s ]
SQL: SHOW COLUMNS FROM `xman_foods` [ RunTime:0.0030s ]
SQL: INSERT INTO `xman_foods` (`add_time`) VALUES ('1474446863') [ RunTime:0.0010s ]
INFO: [ view_parse ] --START--
INFO: [ template_filter ] --START--
INFO: Run Behavior\ContentReplaceBehavior [ RunTime:0.000000s ]
INFO: [ template_filter ] --END-- [ RunTime:0.000000s ]
INFO: Run Behavior\ParseTemplateBehavior [ RunTime:0.011001s ]
INFO: [ view_parse ] --END-- [ RunTime:0.011001s ]
INFO: [ view_filter ] --START--
INFO: Run Behavior\WriteHtmlCacheBehavior [ RunTime:0.001000s ]
INFO: [ view_filter ] --END-- [ RunTime:0.001000s ]
INFO: [ app_end ] --START--
INFO: Run Behavior\ShowPageTraceBehavior [ RunTime:0.001000s ]
INFO: [ app_end ] --END-- [ RunTime:0.002000s ]

[ 2016-09-21T16:34:24+08:00 ] 127.0.0.1 /admin.php/Article/addArticle.html
INFO: [ app_init ] --START--
INFO: Run Behavior\BuildLiteBehavior [ RunTime:0.000000s ]
INFO: [ app_init ] --END-- [ RunTime:0.001000s ]
INFO: [ app_begin ] --START--
INFO: Run Behavior\ReadHtmlCacheBehavior [ RunTime:0.002000s ]
INFO: [ app_begin ] --END-- [ RunTime:0.002000s ]
INFO: [ view_parse ] --START--
INFO: [ template_filter ] --START--
INFO: Run Behavior\ContentReplaceBehavior [ RunTime:0.000000s ]
INFO: [ template_filter ] --END-- [ RunTime:0.000000s ]
INFO: Run Behavior\ParseTemplateBehavior [ RunTime:0.026002s ]
INFO: [ view_parse ] --END-- [ RunTime:0.026002s ]
INFO: [ view_filter ] --START--
INFO: Run Behavior\WriteHtmlCacheBehavior [ RunTime:0.001000s ]
INFO: [ view_filter ] --END-- [ RunTime:0.001000s ]
INFO: [ app_end ] --START--
INFO: Run Behavior\ShowPageTraceBehavior [ RunTime:0.001000s ]
INFO: [ app_end ] --END-- [ RunTime:0.001000s ]

[ 2016-09-21T16:34:38+08:00 ] 127.0.0.1 /admin.php/Article/index.html
INFO: [ app_init ] --START--
INFO: Run Behavior\BuildLiteBehavior [ RunTime:0.001000s ]
INFO: [ app_init ] --END-- [ RunTime:0.001000s ]
INFO: [ app_begin ] --START--
INFO: Run Behavior\ReadHtmlCacheBehavior [ RunTime:0.000000s ]
INFO: [ app_begin ] --END-- [ RunTime:0.001000s ]
SQL: SHOW COLUMNS FROM `xman_article` [ RunTime:0.0020s ]
SQL: SELECT * FROM `xman_article` WHERE `article_type` = 1  [ RunTime:0.0000s ]
INFO: [ view_parse ] --START--
INFO: [ template_filter ] --START--
INFO: Run Behavior\ContentReplaceBehavior [ RunTime:0.000000s ]
INFO: [ template_filter ] --END-- [ RunTime:0.000000s ]
INFO: Run Behavior\ParseTemplateBehavior [ RunTime:0.031002s ]
INFO: [ view_parse ] --END-- [ RunTime:0.031002s ]
INFO: [ view_filter ] --START--
INFO: Run Behavior\WriteHtmlCacheBehavior [ RunTime:0.001000s ]
INFO: [ view_filter ] --END-- [ RunTime:0.001000s ]
INFO: [ app_end ] --START--
INFO: Run Behavior\ShowPageTraceBehavior [ RunTime:0.001000s ]
INFO: [ app_end ] --END-- [ RunTime:0.002000s ]

[ 2016-09-21T16:36:58+08:00 ] 127.0.0.1 /admin.php/Article/addArticle.html
INFO: [ app_init ] --START--
INFO: Run Behavior\BuildLiteBehavior [ RunTime:0.000000s ]
INFO: [ app_init ] --END-- [ RunTime:0.000000s ]
INFO: [ app_begin ] --START--
INFO: Run Behavior\ReadHtmlCacheBehavior [ RunTime:0.001000s ]
INFO: [ app_begin ] --END-- [ RunTime:0.001000s ]
INFO: [ view_parse ] --START--
INFO: [ template_filter ] --START--
INFO: Run Behavior\ContentReplaceBehavior [ RunTime:0.000000s ]
INFO: [ template_filter ] --END-- [ RunTime:0.000000s ]
INFO: Run Behavior\ParseTemplateBehavior [ RunTime:0.028002s ]
INFO: [ view_parse ] --END-- [ RunTime:0.028002s ]
INFO: [ view_filter ] --START--
INFO: Run Behavior\WriteHtmlCacheBehavior [ RunTime:0.001000s ]
INFO: [ view_filter ] --END-- [ RunTime:0.001000s ]
INFO: [ app_end ] --START--
INFO: Run Behavior\ShowPageTraceBehavior [ RunTime:0.005000s ]
INFO: [ app_end ] --END-- [ RunTime:0.005000s ]

[ 2016-09-21T16:39:26+08:00 ] 127.0.0.1 /admin.php/Foods/index.html
INFO: [ app_init ] --START--
INFO: Run Behavior\BuildLiteBehavior [ RunTime:0.000000s ]
INFO: [ app_init ] --END-- [ RunTime:0.001000s ]
INFO: [ app_begin ] --START--
INFO: Run Behavior\ReadHtmlCacheBehavior [ RunTime:0.001000s ]
INFO: [ app_begin ] --END-- [ RunTime:0.001000s ]
SQL: SHOW COLUMNS FROM `xman_foods` [ RunTime:0.0030s ]
SQL: Call p_get_foods_details(0) [ RunTime:0.0550s ]
INFO: [ view_parse ] --START--
INFO: [ template_filter ] --START--
INFO: Run Behavior\ContentReplaceBehavior [ RunTime:0.000000s ]
INFO: [ template_filter ] --END-- [ RunTime:0.001000s ]
INFO: Run Behavior\ParseTemplateBehavior [ RunTime:0.036002s ]
INFO: [ view_parse ] --END-- [ RunTime:0.036002s ]
INFO: [ view_filter ] --START--
INFO: Run Behavior\WriteHtmlCacheBehavior [ RunTime:0.001000s ]
INFO: [ view_filter ] --END-- [ RunTime:0.001000s ]
INFO: [ app_end ] --START--
INFO: Run Behavior\ShowPageTraceBehavior [ RunTime:0.002001s ]
INFO: [ app_end ] --END-- [ RunTime:0.003001s ]

[ 2016-09-21T16:39:34+08:00 ] 127.0.0.1 /admin.php/Foods/dropFoods/id/5.html
INFO: [ app_init ] --START--
INFO: Run Behavior\BuildLiteBehavior [ RunTime:0.000000s ]
INFO: [ app_init ] --END-- [ RunTime:0.003000s ]
INFO: [ app_begin ] --START--
INFO: Run Behavior\ReadHtmlCacheBehavior [ RunTime:0.001000s ]
INFO: [ app_begin ] --END-- [ RunTime:0.001000s ]
ERR: 非法操作:dropFoods

[ 2016-09-21T16:39:47+08:00 ] 127.0.0.1 /admin.php/Foods/editFoods/id/5.html
INFO: [ app_init ] --START--
INFO: Run Behavior\BuildLiteBehavior [ RunTime:0.000000s ]
INFO: [ app_init ] --END-- [ RunTime:0.001000s ]
INFO: [ app_begin ] --START--
INFO: Run Behavior\ReadHtmlCacheBehavior [ RunTime:0.001000s ]
INFO: [ app_begin ] --END-- [ RunTime:0.002000s ]
SQL: SHOW COLUMNS FROM `xman_foods` [ RunTime:0.0020s ]
SQL: Call p_get_foods_details(5) [ RunTime:0.0010s ]
SQL: SHOW COLUMNS FROM `xman_cuisine` [ RunTime:0.0020s ]
SQL: SELECT * FROM `xman_cuisine`  [ RunTime:0.0000s ]
INFO: [ view_parse ] --START--
INFO: [ template_filter ] --START--
INFO: Run Behavior\ContentReplaceBehavior [ RunTime:0.000000s ]
INFO: [ template_filter ] --END-- [ RunTime:0.001000s ]
NOTIC: [8] Use of undefined constant cuisines_id - assumed 'cuisines_id' F:\wamp\www\xmantoo\Application\Runtime\Cache\Admin\75edfeff9b3231b5745f692497e28168.php 第 115 行.
NOTIC: [8] Array to string conversion F:\wamp\www\xmantoo\Application\Runtime\Cache\Admin\75edfeff9b3231b5745f692497e28168.php 第 115 行.
NOTIC: [8] Use of undefined constant cuisines_id - assumed 'cuisines_id' F:\wamp\www\xmantoo\Application\Runtime\Cache\Admin\75edfeff9b3231b5745f692497e28168.php 第 115 行.
NOTIC: [8] Array to string conversion F:\wamp\www\xmantoo\Application\Runtime\Cache\Admin\75edfeff9b3231b5745f692497e28168.php 第 115 行.
NOTIC: [8] Use of undefined constant cuisines_id - assumed 'cuisines_id' F:\wamp\www\xmantoo\Application\Runtime\Cache\Admin\75edfeff9b3231b5745f692497e28168.php 第 115 行.
NOTIC: [8] Array to string conversion F:\wamp\www\xmantoo\Application\Runtime\Cache\Admin\75edfeff9b3231b5745f692497e28168.php 第 115 行.
NOTIC: [8] Use of undefined constant cuisines_id - assumed 'cuisines_id' F:\wamp\www\xmantoo\Application\Runtime\Cache\Admin\75edfeff9b3231b5745f692497e28168.php 第 115 行.
NOTIC: [8] Array to string conversion F:\wamp\www\xmantoo\Application\Runtime\Cache\Admin\75edfeff9b3231b5745f692497e28168.php 第 115 行.
NOTIC: [8] Use of undefined constant cuisines_id - assumed 'cuisines_id' F:\wamp\www\xmantoo\Application\Runtime\Cache\Admin\75edfeff9b3231b5745f692497e28168.php 第 115 行.
NOTIC: [8] Array to string conversion F:\wamp\www\xmantoo\Application\Runtime\Cache\Admin\75edfeff9b3231b5745f692497e28168.php 第 115 行.
NOTIC: [8] Use of undefined constant cuisines_id - assumed 'cuisines_id' F:\wamp\www\xmantoo\Application\Runtime\Cache\Admin\75edfeff9b3231b5745f692497e28168.php 第 115 行.
NOTIC: [8] Array to string conversion F:\wamp\www\xmantoo\Application\Runtime\Cache\Admin\75edfeff9b3231b5745f692497e28168.php 第 115 行.
NOTIC: [8] Use of undefined constant cuisines_id - assumed 'cuisines_id' F:\wamp\www\xmantoo\Application\Runtime\Cache\Admin\75edfeff9b3231b5745f692497e28168.php 第 115 行.
NOTIC: [8] Array to string conversion F:\wamp\www\xmantoo\Application\Runtime\Cache\Admin\75edfeff9b3231b5745f692497e28168.php 第 115 行.
NOTIC: [8] Use of undefined constant cuisines_id - assumed 'cuisines_id' F:\wamp\www\xmantoo\Application\Runtime\Cache\Admin\75edfeff9b3231b5745f692497e28168.php 第 115 行.
NOTIC: [8] Array to string conversion F:\wamp\www\xmantoo\Application\Runtime\Cache\Admin\75edfeff9b3231b5745f692497e28168.php 第 115 行.
NOTIC: [8] Use of undefined constant cuisines_id - assumed 'cuisines_id' F:\wamp\www\xmantoo\Application\Runtime\Cache\Admin\75edfeff9b3231b5745f692497e28168.php 第 115 行.
NOTIC: [8] Array to string conversion F:\wamp\www\xmantoo\Application\Runtime\Cache\Admin\75edfeff9b3231b5745f692497e28168.php 第 115 行.
NOTIC: [8] Use of undefined constant cuisines_id - assumed 'cuisines_id' F:\wamp\www\xmantoo\Application\Runtime\Cache\Admin\75edfeff9b3231b5745f692497e28168.php 第 115 行.
NOTIC: [8] Array to string conversion F:\wamp\www\xmantoo\Application\Runtime\Cache\Admin\75edfeff9b3231b5745f692497e28168.php 第 115 行.
NOTIC: [8] Use of undefined constant cuisines_id - assumed 'cuisines_id' F:\wamp\www\xmantoo\Application\Runtime\Cache\Admin\75edfeff9b3231b5745f692497e28168.php 第 115 行.
NOTIC: [8] Array to string conversion F:\wamp\www\xmantoo\Application\Runtime\Cache\Admin\75edfeff9b3231b5745f692497e28168.php 第 115 行.
NOTIC: [8] Use of undefined constant cuisines_id - assumed 'cuisines_id' F:\wamp\www\xmantoo\Application\Runtime\Cache\Admin\75edfeff9b3231b5745f692497e28168.php 第 115 行.
NOTIC: [8] Array to string conversion F:\wamp\www\xmantoo\Application\Runtime\Cache\Admin\75edfeff9b3231b5745f692497e28168.php 第 115 行.
NOTIC: [8] Use of undefined constant cuisines_id - assumed 'cuisines_id' F:\wamp\www\xmantoo\Application\Runtime\Cache\Admin\75edfeff9b3231b5745f692497e28168.php 第 115 行.
NOTIC: [8] Array to string conversion F:\wamp\www\xmantoo\Application\Runtime\Cache\Admin\75edfeff9b3231b5745f692497e28168.php 第 115 行.
NOTIC: [8] Use of undefined constant cuisines_id - assumed 'cuisines_id' F:\wamp\www\xmantoo\Application\Runtime\Cache\Admin\75edfeff9b3231b5745f692497e28168.php 第 115 行.
NOTIC: [8] Array to string conversion F:\wamp\www\xmantoo\Application\Runtime\Cache\Admin\75edfeff9b3231b5745f692497e28168.php 第 115 行.
NOTIC: [8] Use of undefined constant cuisines_id - assumed 'cuisines_id' F:\wamp\www\xmantoo\Application\Runtime\Cache\Admin\75edfeff9b3231b5745f692497e28168.php 第 115 行.
NOTIC: [8] Array to string conversion F:\wamp\www\xmantoo\Application\Runtime\Cache\Admin\75edfeff9b3231b5745f692497e28168.php 第 115 行.
NOTIC: [8] Use of undefined constant cuisines_id - assumed 'cuisines_id' F:\wamp\www\xmantoo\Application\Runtime\Cache\Admin\75edfeff9b3231b5745f692497e28168.php 第 115 行.
NOTIC: [8] Array to string conversion F:\wamp\www\xmantoo\Application\Runtime\Cache\Admin\75edfeff9b3231b5745f692497e28168.php 第 115 行.
NOTIC: [8] Use of undefined constant cuisines_id - assumed 'cuisines_id' F:\wamp\www\xmantoo\Application\Runtime\Cache\Admin\75edfeff9b3231b5745f692497e28168.php 第 115 行.
NOTIC: [8] Array to string conversion F:\wamp\www\xmantoo\Application\Runtime\Cache\Admin\75edfeff9b3231b5745f692497e28168.php 第 115 行.
INFO: Run Behavior\ParseTemplateBehavior [ RunTime:0.062004s ]
INFO: [ view_parse ] --END-- [ RunTime:0.062004s ]
INFO: [ view_filter ] --START--
INFO: Run Behavior\WriteHtmlCacheBehavior [ RunTime:0.001000s ]
INFO: [ view_filter ] --END-- [ RunTime:0.001000s ]
INFO: [ app_end ] --START--
INFO: Run Behavior\ShowPageTraceBehavior [ RunTime:0.000000s ]
INFO: [ app_end ] --END-- [ RunTime:0.002000s ]

[ 2016-09-21T16:40:21+08:00 ] 127.0.0.1 /admin.php/Foods/editFoods/id/5.html
INFO: [ app_init ] --START--
INFO: Run Behavior\BuildLiteBehavior [ RunTime:0.000000s ]
INFO: [ app_init ] --END-- [ RunTime:0.001001s ]
INFO: [ app_begin ] --START--
INFO: Run Behavior\ReadHtmlCacheBehavior [ RunTime:0.001000s ]
INFO: [ app_begin ] --END-- [ RunTime:0.001000s ]
NOTIC: [2] call_user_func() expects parameter 1 to be a valid callback, no array or string given F:\wamp\www\xmantoo\ThinkPHP\Library\Think\Upload.class.php 第 170 行.
SQL: SHOW COLUMNS FROM `xman_foods` [ RunTime:0.0030s ]
SQL: INSERT INTO `xman_foods` (`title`,`foods_name`,`cuisines_id`,`status`,`content`,`store_condition`,`store_time`,`add_time`,`cover`) VALUES ('萨斯是否','啊首发身份的','1','1','&lt;p&gt;阿飞萨芬杀&lt;/p&gt;','','0','1474447221','20160921/57e247751b9cd.jpg') [ RunTime:0.0000s ]
NOTIC: [2] call_user_func() expects parameter 1 to be a valid callback, no array or string given F:\wamp\www\xmantoo\ThinkPHP\Library\Think\Upload.class.php 第 170 行.
SQL: SHOW COLUMNS FROM `xman_foods_ext` [ RunTime:0.0030s ]
SQL: INSERT INTO `xman_foods_ext` (`foods_id`,`tools`,`ingredient`,`accessory`,`pretreatment`,`steps`) VALUES ('7','[\"\\u554a\\u9996\\u53d1\\u8428\\u51e1\\u8fbe\"]','[\"\\u554a\\u9996\\u53d1\\u8428\\u51e1\"]','[\"\\u554a\\u9996\\u53d1\\u5927\\u6492\\u65e6\\u6cd5\"]','','[{\"time\":\"12\",\"step\":\"\\u963f\\u65b9\\u7d22\\u77ed\\u53d1\\u554a\",\"step_cover\":\"20160921\\/57e2477520406.jpg\"}]') [ RunTime:0.0010s ]
INFO: [ view_parse ] --START--
INFO: [ template_filter ] --START--
INFO: Run Behavior\ContentReplaceBehavior [ RunTime:0.001000s ]
INFO: [ template_filter ] --END-- [ RunTime:0.001000s ]
INFO: Run Behavior\ParseTemplateBehavior [ RunTime:0.011001s ]
INFO: [ view_parse ] --END-- [ RunTime:0.011001s ]
INFO: [ view_filter ] --START--
INFO: Run Behavior\WriteHtmlCacheBehavior [ RunTime:0.001000s ]
INFO: [ view_filter ] --END-- [ RunTime:0.001000s ]
INFO: [ app_end ] --START--
INFO: Run Behavior\ShowPageTraceBehavior [ RunTime:0.001000s ]
INFO: [ app_end ] --END-- [ RunTime:0.001000s ]

[ 2016-09-21T16:40:22+08:00 ] 127.0.0.1 /admin.php/Foods/editFoods/id/5.html
INFO: [ app_init ] --START--
INFO: Run Behavior\BuildLiteBehavior [ RunTime:0.000000s ]
INFO: [ app_init ] --END-- [ RunTime:0.001000s ]
INFO: [ app_begin ] --START--
INFO: Run Behavior\ReadHtmlCacheBehavior [ RunTime:0.000000s ]
INFO: [ app_begin ] --END-- [ RunTime:0.001000s ]
SQL: SHOW COLUMNS FROM `xman_foods` [ RunTime:0.0020s ]
SQL: Call p_get_foods_details(5) [ RunTime:0.0000s ]
SQL: SHOW COLUMNS FROM `xman_cuisine` [ RunTime:0.0020s ]
SQL: SELECT * FROM `xman_cuisine`  [ RunTime:0.0000s ]
INFO: [ view_parse ] --START--
INFO: [ template_filter ] --START--
INFO: Run Behavior\ContentReplaceBehavior [ RunTime:0.000000s ]
INFO: [ template_filter ] --END-- [ RunTime:0.001000s ]
NOTIC: [8] Use of undefined constant cuisines_id - assumed 'cuisines_id' F:\wamp\www\xmantoo\Application\Runtime\Cache\Admin\75edfeff9b3231b5745f692497e28168.php 第 115 行.
NOTIC: [8] Array to string conversion F:\wamp\www\xmantoo\Application\Runtime\Cache\Admin\75edfeff9b3231b5745f692497e28168.php 第 115 行.
NOTIC: [8] Use of undefined constant cuisines_id - assumed 'cuisines_id' F:\wamp\www\xmantoo\Application\Runtime\Cache\Admin\75edfeff9b3231b5745f692497e28168.php 第 115 行.
NOTIC: [8] Array to string conversion F:\wamp\www\xmantoo\Application\Runtime\Cache\Admin\75edfeff9b3231b5745f692497e28168.php 第 115 行.
NOTIC: [8] Use of undefined constant cuisines_id - assumed 'cuisines_id' F:\wamp\www\xmantoo\Application\Runtime\Cache\Admin\75edfeff9b3231b5745f692497e28168.php 第 115 行.
NOTIC: [8] Array to string conversion F:\wamp\www\xmantoo\Application\Runtime\Cache\Admin\75edfeff9b3231b5745f692497e28168.php 第 115 行.
NOTIC: [8] Use of undefined constant cuisines_id - assumed 'cuisines_id' F:\wamp\www\xmantoo\Application\Runtime\Cache\Admin\75edfeff9b3231b5745f692497e28168.php 第 115 行.
NOTIC: [8] Array to string conversion F:\wamp\www\xmantoo\Application\Runtime\Cache\Admin\75edfeff9b3231b5745f692497e28168.php 第 115 行.
NOTIC: [8] Use of undefined constant cuisines_id - assumed 'cuisines_id' F:\wamp\www\xmantoo\Application\Runtime\Cache\Admin\75edfeff9b3231b5745f692497e28168.php 第 115 行.
NOTIC: [8] Array to string conversion F:\wamp\www\xmantoo\Application\Runtime\Cache\Admin\75edfeff9b3231b5745f692497e28168.php 第 115 行.
NOTIC: [8] Use of undefined constant cuisines_id - assumed 'cuisines_id' F:\wamp\www\xmantoo\Application\Runtime\Cache\Admin\75edfeff9b3231b5745f692497e28168.php 第 115 行.
NOTIC: [8] Array to string conversion F:\wamp\www\xmantoo\Application\Runtime\Cache\Admin\75edfeff9b3231b5745f692497e28168.php 第 115 行.
NOTIC: [8] Use of undefined constant cuisines_id - assumed 'cuisines_id' F:\wamp\www\xmantoo\Application\Runtime\Cache\Admin\75edfeff9b3231b5745f692497e28168.php 第 115 行.
NOTIC: [8] Array to string conversion F:\wamp\www\xmantoo\Application\Runtime\Cache\Admin\75edfeff9b3231b5745f692497e28168.php 第 115 行.
NOTIC: [8] Use of undefined constant cuisines_id - assumed 'cuisines_id' F:\wamp\www\xmantoo\Application\Runtime\Cache\Admin\75edfeff9b3231b5745f692497e28168.php 第 115 行.
NOTIC: [8] Array to string conversion F:\wamp\www\xmantoo\Application\Runtime\Cache\Admin\75edfeff9b3231b5745f692497e28168.php 第 115 行.
NOTIC: [8] Use of undefined constant cuisines_id - assumed 'cuisines_id' F:\wamp\www\xmantoo\Application\Runtime\Cache\Admin\75edfeff9b3231b5745f692497e28168.php 第 115 行.
NOTIC: [8] Array to string conversion F:\wamp\www\xmantoo\Application\Runtime\Cache\Admin\75edfeff9b3231b5745f692497e28168.php 第 115 行.
NOTIC: [8] Use of undefined constant cuisines_id - assumed 'cuisines_id' F:\wamp\www\xmantoo\Application\Runtime\Cache\Admin\75edfeff9b3231b5745f692497e28168.php 第 115 行.
NOTIC: [8] Array to string conversion F:\wamp\www\xmantoo\Application\Runtime\Cache\Admin\75edfeff9b3231b5745f692497e28168.php 第 115 行.
NOTIC: [8] Use of undefined constant cuisines_id - assumed 'cuisines_id' F:\wamp\www\xmantoo\Application\Runtime\Cache\Admin\75edfeff9b3231b5745f692497e28168.php 第 115 行.
NOTIC: [8] Array to string conversion F:\wamp\www\xmantoo\Application\Runtime\Cache\Admin\75edfeff9b3231b5745f692497e28168.php 第 115 行.
NOTIC: [8] Use of undefined constant cuisines_id - assumed 'cuisines_id' F:\wamp\www\xmantoo\Application\Runtime\Cache\Admin\75edfeff9b3231b5745f692497e28168.php 第 115 行.
NOTIC: [8] Array to string conversion F:\wamp\www\xmantoo\Application\Runtime\Cache\Admin\75edfeff9b3231b5745f692497e28168.php 第 115 行.
NOTIC: [8] Use of undefined constant cuisines_id - assumed 'cuisines_id' F:\wamp\www\xmantoo\Application\Runtime\Cache\Admin\75edfeff9b3231b5745f692497e28168.php 第 115 行.
NOTIC: [8] Array to string conversion F:\wamp\www\xmantoo\Application\Runtime\Cache\Admin\75edfeff9b3231b5745f692497e28168.php 第 115 行.
NOTIC: [8] Use of undefined constant cuisines_id - assumed 'cuisines_id' F:\wamp\www\xmantoo\Application\Runtime\Cache\Admin\75edfeff9b3231b5745f692497e28168.php 第 115 行.
NOTIC: [8] Array to string conversion F:\wamp\www\xmantoo\Application\Runtime\Cache\Admin\75edfeff9b3231b5745f692497e28168.php 第 115 行.
NOTIC: [8] Use of undefined constant cuisines_id - assumed 'cuisines_id' F:\wamp\www\xmantoo\Application\Runtime\Cache\Admin\75edfeff9b3231b5745f692497e28168.php 第 115 行.
NOTIC: [8] Array to string conversion F:\wamp\www\xmantoo\Application\Runtime\Cache\Admin\75edfeff9b3231b5745f692497e28168.php 第 115 行.
NOTIC: [8] Use of undefined constant cuisines_id - assumed 'cuisines_id' F:\wamp\www\xmantoo\Application\Runtime\Cache\Admin\75edfeff9b3231b5745f692497e28168.php 第 115 行.
NOTIC: [8] Array to string conversion F:\wamp\www\xmantoo\Application\Runtime\Cache\Admin\75edfeff9b3231b5745f692497e28168.php 第 115 行.
NOTIC: [8] Use of undefined constant cuisines_id - assumed 'cuisines_id' F:\wamp\www\xmantoo\Application\Runtime\Cache\Admin\75edfeff9b3231b5745f692497e28168.php 第 115 行.
NOTIC: [8] Array to string conversion F:\wamp\www\xmantoo\Application\Runtime\Cache\Admin\75edfeff9b3231b5745f692497e28168.php 第 115 行.
INFO: Run Behavior\ParseTemplateBehavior [ RunTime:0.040002s ]
INFO: [ view_parse ] --END-- [ RunTime:0.040002s ]
INFO: [ view_filter ] --START--
INFO: Run Behavior\WriteHtmlCacheBehavior [ RunTime:0.001000s ]
INFO: [ view_filter ] --END-- [ RunTime:0.001000s ]
INFO: [ app_end ] --START--
INFO: Run Behavior\ShowPageTraceBehavior [ RunTime:0.001001s ]
INFO: [ app_end ] --END-- [ RunTime:0.001001s ]

[ 2016-09-21T16:40:23+08:00 ] 127.0.0.1 /admin.php/Foods/index.html
INFO: [ app_init ] --START--
INFO: Run Behavior\BuildLiteBehavior [ RunTime:0.000000s ]
INFO: [ app_init ] --END-- [ RunTime:0.000000s ]
INFO: [ app_begin ] --START--
INFO: Run Behavior\ReadHtmlCacheBehavior [ RunTime:0.000000s ]
INFO: [ app_begin ] --END-- [ RunTime:0.000000s ]
SQL: SHOW COLUMNS FROM `xman_foods` [ RunTime:0.0030s ]
SQL: Call p_get_foods_details(0) [ RunTime:0.0010s ]
INFO: [ view_parse ] --START--
INFO: [ template_filter ] --START--
INFO: Run Behavior\ContentReplaceBehavior [ RunTime:0.000000s ]
INFO: [ template_filter ] --END-- [ RunTime:0.000000s ]
INFO: Run Behavior\ParseTemplateBehavior [ RunTime:0.038002s ]
INFO: [ view_parse ] --END-- [ RunTime:0.038002s ]
INFO: [ view_filter ] --START--
INFO: Run Behavior\WriteHtmlCacheBehavior [ RunTime:0.000000s ]
INFO: [ view_filter ] --END-- [ RunTime:0.001000s ]
INFO: [ app_end ] --START--
INFO: Run Behavior\ShowPageTraceBehavior [ RunTime:0.001000s ]
INFO: [ app_end ] --END-- [ RunTime:0.002000s ]

[ 2016-09-21T16:40:29+08:00 ] 127.0.0.1 /admin.php/Foods/editFoods/id/7.html
INFO: [ app_init ] --START--
INFO: Run Behavior\BuildLiteBehavior [ RunTime:0.000000s ]
INFO: [ app_init ] --END-- [ RunTime:0.000000s ]
INFO: [ app_begin ] --START--
INFO: Run Behavior\ReadHtmlCacheBehavior [ RunTime:0.001000s ]
INFO: [ app_begin ] --END-- [ RunTime:0.001000s ]
SQL: SHOW COLUMNS FROM `xman_foods` [ RunTime:0.0030s ]
SQL: Call p_get_foods_details(7) [ RunTime:0.0010s ]
SQL: SHOW COLUMNS FROM `xman_cuisine` [ RunTime:0.0060s ]
SQL: SELECT * FROM `xman_cuisine`  [ RunTime:0.0000s ]
INFO: [ view_parse ] --START--
INFO: [ template_filter ] --START--
INFO: Run Behavior\ContentReplaceBehavior [ RunTime:0.001000s ]
INFO: [ template_filter ] --END-- [ RunTime:0.001000s ]
NOTIC: [8] Use of undefined constant cuisines_id - assumed 'cuisines_id' F:\wamp\www\xmantoo\Application\Runtime\Cache\Admin\75edfeff9b3231b5745f692497e28168.php 第 115 行.
NOTIC: [8] Array to string conversion F:\wamp\www\xmantoo\Application\Runtime\Cache\Admin\75edfeff9b3231b5745f692497e28168.php 第 115 行.
NOTIC: [8] Use of undefined constant cuisines_id - assumed 'cuisines_id' F:\wamp\www\xmantoo\Application\Runtime\Cache\Admin\75edfeff9b3231b5745f692497e28168.php 第 115 行.
NOTIC: [8] Array to string conversion F:\wamp\www\xmantoo\Application\Runtime\Cache\Admin\75edfeff9b3231b5745f692497e28168.php 第 115 行.
NOTIC: [8] Use of undefined constant cuisines_id - assumed 'cuisines_id' F:\wamp\www\xmantoo\Application\Runtime\Cache\Admin\75edfeff9b3231b5745f692497e28168.php 第 115 行.
NOTIC: [8] Array to string conversion F:\wamp\www\xmantoo\Application\Runtime\Cache\Admin\75edfeff9b3231b5745f692497e28168.php 第 115 行.
NOTIC: [8] Use of undefined constant cuisines_id - assumed 'cuisines_id' F:\wamp\www\xmantoo\Application\Runtime\Cache\Admin\75edfeff9b3231b5745f692497e28168.php 第 115 行.
NOTIC: [8] Array to string conversion F:\wamp\www\xmantoo\Application\Runtime\Cache\Admin\75edfeff9b3231b5745f692497e28168.php 第 115 行.
NOTIC: [8] Use of undefined constant cuisines_id - assumed 'cuisines_id' F:\wamp\www\xmantoo\Application\Runtime\Cache\Admin\75edfeff9b3231b5745f692497e28168.php 第 115 行.
NOTIC: [8] Array to string conversion F:\wamp\www\xmantoo\Application\Runtime\Cache\Admin\75edfeff9b3231b5745f692497e28168.php 第 115 行.
NOTIC: [8] Use of undefined constant cuisines_id - assumed 'cuisines_id' F:\wamp\www\xmantoo\Application\Runtime\Cache\Admin\75edfeff9b3231b5745f692497e28168.php 第 115 行.
NOTIC: [8] Array to string conversion F:\wamp\www\xmantoo\Application\Runtime\Cache\Admin\75edfeff9b3231b5745f692497e28168.php 第 115 行.
NOTIC: [8] Use of undefined constant cuisines_id - assumed 'cuisines_id' F:\wamp\www\xmantoo\Application\Runtime\Cache\Admin\75edfeff9b3231b5745f692497e28168.php 第 115 行.
NOTIC: [8] Array to string conversion F:\wamp\www\xmantoo\Application\Runtime\Cache\Admin\75edfeff9b3231b5745f692497e28168.php 第 115 行.
NOTIC: [8] Use of undefined constant cuisines_id - assumed 'cuisines_id' F:\wamp\www\xmantoo\Application\Runtime\Cache\Admin\75edfeff9b3231b5745f692497e28168.php 第 115 行.
NOTIC: [8] Array to string conversion F:\wamp\www\xmantoo\Application\Runtime\Cache\Admin\75edfeff9b3231b5745f692497e28168.php 第 115 行.
NOTIC: [8] Use of undefined constant cuisines_id - assumed 'cuisines_id' F:\wamp\www\xmantoo\Application\Runtime\Cache\Admin\75edfeff9b3231b5745f692497e28168.php 第 115 行.
NOTIC: [8] Array to string conversion F:\wamp\www\xmantoo\Application\Runtime\Cache\Admin\75edfeff9b3231b5745f692497e28168.php 第 115 行.
NOTIC: [8] Use of undefined constant cuisines_id - assumed 'cuisines_id' F:\wamp\www\xmantoo\Application\Runtime\Cache\Admin\75edfeff9b3231b5745f692497e28168.php 第 115 行.
NOTIC: [8] Array to string conversion F:\wamp\www\xmantoo\Application\Runtime\Cache\Admin\75edfeff9b3231b5745f692497e28168.php 第 115 行.
NOTIC: [8] Use of undefined constant cuisines_id - assumed 'cuisines_id' F:\wamp\www\xmantoo\Application\Runtime\Cache\Admin\75edfeff9b3231b5745f692497e28168.php 第 115 行.
NOTIC: [8] Array to string conversion F:\wamp\www\xmantoo\Application\Runtime\Cache\Admin\75edfeff9b3231b5745f692497e28168.php 第 115 行.
NOTIC: [8] Use of undefined constant cuisines_id - assumed 'cuisines_id' F:\wamp\www\xmantoo\Application\Runtime\Cache\Admin\75edfeff9b3231b5745f692497e28168.php 第 115 行.
NOTIC: [8] Array to string conversion F:\wamp\www\xmantoo\Application\Runtime\Cache\Admin\75edfeff9b3231b5745f692497e28168.php 第 115 行.
NOTIC: [8] Use of undefined constant cuisines_id - assumed 'cuisines_id' F:\wamp\www\xmantoo\Application\Runtime\Cache\Admin\75edfeff9b3231b5745f692497e28168.php 第 115 行.
NOTIC: [8] Array to string conversion F:\wamp\www\xmantoo\Application\Runtime\Cache\Admin\75edfeff9b3231b5745f692497e28168.php 第 115 行.
NOTIC: [8] Use of undefined constant cuisines_id - assumed 'cuisines_id' F:\wamp\www\xmantoo\Application\Runtime\Cache\Admin\75edfeff9b3231b5745f692497e28168.php 第 115 行.
NOTIC: [8] Array to string conversion F:\wamp\www\xmantoo\Application\Runtime\Cache\Admin\75edfeff9b3231b5745f692497e28168.php 第 115 行.
NOTIC: [8] Use of undefined constant cuisines_id - assumed 'cuisines_id' F:\wamp\www\xmantoo\Application\Runtime\Cache\Admin\75edfeff9b3231b5745f692497e28168.php 第 115 行.
NOTIC: [8] Array to string conversion F:\wamp\www\xmantoo\Application\Runtime\Cache\Admin\75edfeff9b3231b5745f692497e28168.php 第 115 行.
NOTIC: [8] Use of undefined constant cuisines_id - assumed 'cuisines_id' F:\wamp\www\xmantoo\Application\Runtime\Cache\Admin\75edfeff9b3231b5745f692497e28168.php 第 115 行.
NOTIC: [8] Array to string conversion F:\wamp\www\xmantoo\Application\Runtime\Cache\Admin\75edfeff9b3231b5745f692497e28168.php 第 115 行.
NOTIC: [8] Use of undefined constant cuisines_id - assumed 'cuisines_id' F:\wamp\www\xmantoo\Application\Runtime\Cache\Admin\75edfeff9b3231b5745f692497e28168.php 第 115 行.
NOTIC: [8] Array to string conversion F:\wamp\www\xmantoo\Application\Runtime\Cache\Admin\75edfeff9b3231b5745f692497e28168.php 第 115 行.
INFO: Run Behavior\ParseTemplateBehavior [ RunTime:0.039002s ]
INFO: [ view_parse ] --END-- [ RunTime:0.039002s ]
INFO: [ view_filter ] --START--
INFO: Run Behavior\WriteHtmlCacheBehavior [ RunTime:0.000000s ]
INFO: [ view_filter ] --END-- [ RunTime:0.000000s ]
INFO: [ app_end ] --START--
INFO: Run Behavior\ShowPageTraceBehavior [ RunTime:0.001000s ]
INFO: [ app_end ] --END-- [ RunTime:0.001000s ]

[ 2016-09-21T16:43:33+08:00 ] 127.0.0.1 /admin.php/Article/index.html
INFO: [ app_init ] --START--
INFO: Run Behavior\BuildLiteBehavior [ RunTime:0.000000s ]
INFO: [ app_init ] --END-- [ RunTime:0.001000s ]
INFO: [ app_begin ] --START--
INFO: Run Behavior\ReadHtmlCacheBehavior [ RunTime:0.000000s ]
INFO: [ app_begin ] --END-- [ RunTime:0.001000s ]
SQL: SHOW COLUMNS FROM `xman_article` [ RunTime:0.0020s ]
SQL: SELECT * FROM `xman_article` WHERE `article_type` = 1  [ RunTime:0.0010s ]
INFO: [ view_parse ] --START--
INFO: [ template_filter ] --START--
INFO: Run Behavior\ContentReplaceBehavior [ RunTime:0.000000s ]
INFO: [ template_filter ] --END-- [ RunTime:0.000000s ]
INFO: Run Behavior\ParseTemplateBehavior [ RunTime:0.025001s ]
INFO: [ view_parse ] --END-- [ RunTime:0.025001s ]
INFO: [ view_filter ] --START--
INFO: Run Behavior\WriteHtmlCacheBehavior [ RunTime:0.000000s ]
INFO: [ view_filter ] --END-- [ RunTime:0.001000s ]
INFO: [ app_end ] --START--
INFO: Run Behavior\ShowPageTraceBehavior [ RunTime:0.001000s ]
INFO: [ app_end ] --END-- [ RunTime:0.001000s ]

[ 2016-09-21T16:43:59+08:00 ] 127.0.0.1 /admin.php/Article/index.html
INFO: [ app_init ] --START--
INFO: Run Behavior\BuildLiteBehavior [ RunTime:0.000000s ]
INFO: [ app_init ] --END-- [ RunTime:0.001000s ]
INFO: [ app_begin ] --START--
INFO: Run Behavior\ReadHtmlCacheBehavior [ RunTime:0.000000s ]
INFO: [ app_begin ] --END-- [ RunTime:0.001000s ]
SQL: SHOW COLUMNS FROM `xman_article` [ RunTime:0.0040s ]
SQL: SELECT * FROM `xman_article`  [ RunTime:0.0000s ]
INFO: [ view_parse ] --START--
INFO: [ template_filter ] --START--
INFO: Run Behavior\ContentReplaceBehavior [ RunTime:0.000000s ]
INFO: [ template_filter ] --END-- [ RunTime:0.000000s ]
INFO: Run Behavior\ParseTemplateBehavior [ RunTime:0.029001s ]
INFO: [ view_parse ] --END-- [ RunTime:0.029001s ]
INFO: [ view_filter ] --START--
INFO: Run Behavior\WriteHtmlCacheBehavior [ RunTime:0.001001s ]
INFO: [ view_filter ] --END-- [ RunTime:0.001001s ]
INFO: [ app_end ] --START--
INFO: Run Behavior\ShowPageTraceBehavior [ RunTime:0.001000s ]
INFO: [ app_end ] --END-- [ RunTime:0.001000s ]

[ 2016-09-21T16:45:13+08:00 ] 127.0.0.1 /admin.php/Article/index.html
INFO: [ app_init ] --START--
INFO: Run Behavior\BuildLiteBehavior [ RunTime:0.000000s ]
INFO: [ app_init ] --END-- [ RunTime:0.001001s ]
INFO: [ app_begin ] --START--
INFO: Run Behavior\ReadHtmlCacheBehavior [ RunTime:0.001000s ]
INFO: [ app_begin ] --END-- [ RunTime:0.001000s ]
SQL: SHOW COLUMNS FROM `xman_article` [ RunTime:0.0020s ]
SQL: SELECT * FROM `xman_article`  [ RunTime:0.0000s ]
INFO: [ view_parse ] --START--
INFO: [ template_filter ] --START--
INFO: Run Behavior\ContentReplaceBehavior [ RunTime:0.001000s ]
INFO: [ template_filter ] --END-- [ RunTime:0.001000s ]
INFO: Run Behavior\ParseTemplateBehavior [ RunTime:0.029001s ]
INFO: [ view_parse ] --END-- [ RunTime:0.029001s ]
INFO: [ view_filter ] --START--
INFO: Run Behavior\WriteHtmlCacheBehavior [ RunTime:0.000000s ]
INFO: [ view_filter ] --END-- [ RunTime:0.001000s ]
INFO: [ app_end ] --START--
INFO: Run Behavior\ShowPageTraceBehavior [ RunTime:0.001000s ]
INFO: [ app_end ] --END-- [ RunTime:0.001000s ]

[ 2016-09-21T16:45:16+08:00 ] 127.0.0.1 /admin.php/Article/addArticle.html
INFO: [ app_init ] --START--
INFO: Run Behavior\BuildLiteBehavior [ RunTime:0.000000s ]
INFO: [ app_init ] --END-- [ RunTime:0.001000s ]
INFO: [ app_begin ] --START--
INFO: Run Behavior\ReadHtmlCacheBehavior [ RunTime:0.001000s ]
INFO: [ app_begin ] --END-- [ RunTime:0.001000s ]
INFO: [ view_parse ] --START--
INFO: [ template_filter ] --START--
INFO: Run Behavior\ContentReplaceBehavior [ RunTime:0.000000s ]
INFO: [ template_filter ] --END-- [ RunTime:0.000000s ]
INFO: Run Behavior\ParseTemplateBehavior [ RunTime:0.023002s ]
INFO: [ view_parse ] --END-- [ RunTime:0.024002s ]
INFO: [ view_filter ] --START--
INFO: Run Behavior\WriteHtmlCacheBehavior [ RunTime:0.001000s ]
INFO: [ view_filter ] --END-- [ RunTime:0.001000s ]
INFO: [ app_end ] --START--
INFO: Run Behavior\ShowPageTraceBehavior [ RunTime:0.001000s ]
INFO: [ app_end ] --END-- [ RunTime:0.001000s ]

[ 2016-09-21T16:45:33+08:00 ] 127.0.0.1 /admin.php/Article/addArticle.html
INFO: [ app_init ] --START--
INFO: Run Behavior\BuildLiteBehavior [ RunTime:0.000000s ]
INFO: [ app_init ] --END-- [ RunTime:0.001000s ]
INFO: [ app_begin ] --START--
INFO: Run Behavior\ReadHtmlCacheBehavior [ RunTime:0.000000s ]
INFO: [ app_begin ] --END-- [ RunTime:0.001000s ]
SQL: SHOW COLUMNS FROM `xman_article` [ RunTime:0.0030s ]
SQL: INSERT INTO `xman_article` (`article_title`,`article_profile`,`article_content`,`article_type`,`add_time`) VALUES ('第一篇文章','第一篇文章概述','&lt;p&gt;阿飞萨芬大&lt;img src=&quot;/Upload/images/editor/20160921/1474447531779176.jpg&quot; title=&quot;1474447531779176.jpg&quot; alt=&quot;下载.jpg&quot;/&gt;&lt;/p&gt;','1','1474447533') [ RunTime:0.0000s ]
INFO: [ view_parse ] --START--
INFO: [ template_filter ] --START--
INFO: Run Behavior\ContentReplaceBehavior [ RunTime:0.000000s ]
INFO: [ template_filter ] --END-- [ RunTime:0.000000s ]
INFO: Run Behavior\ParseTemplateBehavior [ RunTime:0.007001s ]
INFO: [ view_parse ] --END-- [ RunTime:0.008001s ]
INFO: [ view_filter ] --START--
INFO: Run Behavior\WriteHtmlCacheBehavior [ RunTime:0.000000s ]
INFO: [ view_filter ] --END-- [ RunTime:0.000000s ]
INFO: [ app_end ] --START--
INFO: Run Behavior\ShowPageTraceBehavior [ RunTime:0.000000s ]
INFO: [ app_end ] --END-- [ RunTime:0.001000s ]

[ 2016-09-21T16:45:34+08:00 ] 127.0.0.1 /admin.php/Article/addArticle.html
INFO: [ app_init ] --START--
INFO: Run Behavior\BuildLiteBehavior [ RunTime:0.001000s ]
INFO: [ app_init ] --END-- [ RunTime:0.001000s ]
INFO: [ app_begin ] --START--
INFO: Run Behavior\ReadHtmlCacheBehavior [ RunTime:0.001000s ]
INFO: [ app_begin ] --END-- [ RunTime:0.001000s ]
INFO: [ view_parse ] --START--
INFO: [ template_filter ] --START--
INFO: Run Behavior\ContentReplaceBehavior [ RunTime:0.000000s ]
INFO: [ template_filter ] --END-- [ RunTime:0.000000s ]
INFO: Run Behavior\ParseTemplateBehavior [ RunTime:0.022001s ]
INFO: [ view_parse ] --END-- [ RunTime:0.022001s ]
INFO: [ view_filter ] --START--
INFO: Run Behavior\WriteHtmlCacheBehavior [ RunTime:0.001000s ]
INFO: [ view_filter ] --END-- [ RunTime:0.001000s ]
INFO: [ app_end ] --START--
INFO: Run Behavior\ShowPageTraceBehavior [ RunTime:0.001000s ]
INFO: [ app_end ] --END-- [ RunTime:0.001000s ]

[ 2016-09-21T16:45:35+08:00 ] 127.0.0.1 /admin.php/Article/index.html
INFO: [ app_init ] --START--
INFO: Run Behavior\BuildLiteBehavior [ RunTime:0.000000s ]
INFO: [ app_init ] --END-- [ RunTime:0.001001s ]
INFO: [ app_begin ] --START--
INFO: Run Behavior\ReadHtmlCacheBehavior [ RunTime:0.001000s ]
INFO: [ app_begin ] --END-- [ RunTime:0.001000s ]
SQL: SHOW COLUMNS FROM `xman_article` [ RunTime:0.0030s ]
SQL: SELECT * FROM `xman_article`  [ RunTime:0.0000s ]
INFO: [ view_parse ] --START--
INFO: [ template_filter ] --START--
INFO: Run Behavior\ContentReplaceBehavior [ RunTime:0.000000s ]
INFO: [ template_filter ] --END-- [ RunTime:0.002000s ]
INFO: Run Behavior\ParseTemplateBehavior [ RunTime:0.031002s ]
INFO: [ view_parse ] --END-- [ RunTime:0.031002s ]
INFO: [ view_filter ] --START--
INFO: Run Behavior\WriteHtmlCacheBehavior [ RunTime:0.000000s ]
INFO: [ view_filter ] --END-- [ RunTime:0.000000s ]
INFO: [ app_end ] --START--
INFO: Run Behavior\ShowPageTraceBehavior [ RunTime:0.000000s ]
INFO: [ app_end ] --END-- [ RunTime:0.001000s ]

[ 2016-09-21T16:52:12+08:00 ] 127.0.0.1 /admin.php/Article/index.html
INFO: [ app_init ] --START--
INFO: Run Behavior\BuildLiteBehavior [ RunTime:0.000000s ]
INFO: [ app_init ] --END-- [ RunTime:0.001000s ]
INFO: [ app_begin ] --START--
INFO: Run Behavior\ReadHtmlCacheBehavior [ RunTime:0.000000s ]
INFO: [ app_begin ] --END-- [ RunTime:0.001000s ]
SQL: SHOW COLUMNS FROM `xman_article` [ RunTime:0.0030s ]
SQL: SELECT * FROM `xman_article`  [ RunTime:0.0000s ]
INFO: [ view_parse ] --START--
INFO: [ template_filter ] --START--
INFO: Run Behavior\ContentReplaceBehavior [ RunTime:0.000000s ]
INFO: [ template_filter ] --END-- [ RunTime:0.000000s ]
INFO: Run Behavior\ParseTemplateBehavior [ RunTime:0.030002s ]
INFO: [ view_parse ] --END-- [ RunTime:0.031002s ]
INFO: [ view_filter ] --START--
INFO: Run Behavior\WriteHtmlCacheBehavior [ RunTime:0.000000s ]
INFO: [ view_filter ] --END-- [ RunTime:0.001000s ]
INFO: [ app_end ] --START--
INFO: Run Behavior\ShowPageTraceBehavior [ RunTime:0.000000s ]
INFO: [ app_end ] --END-- [ RunTime:0.000000s ]

[ 2016-09-21T17:04:31+08:00 ] 127.0.0.1 /admin.php/Article/editArticle/id/1.html
INFO: [ app_init ] --START--
INFO: Run Behavior\BuildLiteBehavior [ RunTime:0.000000s ]
INFO: [ app_init ] --END-- [ RunTime:0.000000s ]
INFO: [ app_begin ] --START--
INFO: Run Behavior\ReadHtmlCacheBehavior [ RunTime:0.001000s ]
INFO: [ app_begin ] --END-- [ RunTime:0.001000s ]
SQL: SHOW COLUMNS FROM `xman_article` [ RunTime:0.0020s ]
SQL: SELECT * FROM `xman_article` WHERE `id` = 1 LIMIT 1   [ RunTime:0.0010s ]
INFO: [ view_parse ] --START--
INFO: [ template_filter ] --START--
INFO: Run Behavior\ContentReplaceBehavior [ RunTime:0.000000s ]
INFO: [ template_filter ] --END-- [ RunTime:0.001000s ]
NOTIC: [8] Use of undefined constant id - assumed 'id' F:\wamp\www\xmantoo\Application\Runtime\Cache\Admin\a21bf2b82396b11cdd86210fe3490d95.php 第 85 行.
NOTIC: [8] Array to string conversion F:\wamp\www\xmantoo\Application\Runtime\Cache\Admin\a21bf2b82396b11cdd86210fe3490d95.php 第 85 行.
INFO: Run Behavior\ParseTemplateBehavior [ RunTime:0.025001s ]
INFO: [ view_parse ] --END-- [ RunTime:0.025001s ]
INFO: [ view_filter ] --START--
INFO: Run Behavior\WriteHtmlCacheBehavior [ RunTime:0.000000s ]
INFO: [ view_filter ] --END-- [ RunTime:0.000000s ]
INFO: [ app_end ] --START--
INFO: Run Behavior\ShowPageTraceBehavior [ RunTime:0.000000s ]
INFO: [ app_end ] --END-- [ RunTime:0.000000s ]

[ 2016-09-21T17:05:23+08:00 ] 127.0.0.1 /admin.php/Article/index.html
INFO: [ app_init ] --START--
INFO: Run Behavior\BuildLiteBehavior [ RunTime:0.000000s ]
INFO: [ app_init ] --END-- [ RunTime:0.001000s ]
INFO: [ app_begin ] --START--
INFO: Run Behavior\ReadHtmlCacheBehavior [ RunTime:0.000000s ]
INFO: [ app_begin ] --END-- [ RunTime:0.002000s ]
SQL: SHOW COLUMNS FROM `xman_article` [ RunTime:0.0020s ]
SQL: SELECT * FROM `xman_article`  [ RunTime:0.0010s ]
INFO: [ view_parse ] --START--
INFO: [ template_filter ] --START--
INFO: Run Behavior\ContentReplaceBehavior [ RunTime:0.000000s ]
INFO: [ template_filter ] --END-- [ RunTime:0.000000s ]
INFO: Run Behavior\ParseTemplateBehavior [ RunTime:0.037002s ]
INFO: [ view_parse ] --END-- [ RunTime:0.037002s ]
INFO: [ view_filter ] --START--
INFO: Run Behavior\WriteHtmlCacheBehavior [ RunTime:0.001000s ]
INFO: [ view_filter ] --END-- [ RunTime:0.001000s ]
INFO: [ app_end ] --START--
INFO: Run Behavior\ShowPageTraceBehavior [ RunTime:0.001000s ]
INFO: [ app_end ] --END-- [ RunTime:0.001000s ]

[ 2016-09-21T17:05:23+08:00 ] 127.0.0.1 /admin.php/Article/editArticle/id/1.html
INFO: [ app_init ] --START--
INFO: Run Behavior\BuildLiteBehavior [ RunTime:0.000000s ]
INFO: [ app_init ] --END-- [ RunTime:0.001000s ]
INFO: [ app_begin ] --START--
INFO: Run Behavior\ReadHtmlCacheBehavior [ RunTime:0.000000s ]
INFO: [ app_begin ] --END-- [ RunTime:0.000000s ]
SQL: SHOW COLUMNS FROM `xman_article` [ RunTime:0.0020s ]
SQL: SELECT * FROM `xman_article` WHERE `id` = 1 LIMIT 1   [ RunTime:0.0000s ]
INFO: [ view_parse ] --START--
INFO: [ template_filter ] --START--
INFO: Run Behavior\ContentReplaceBehavior [ RunTime:0.000000s ]
INFO: [ template_filter ] --END-- [ RunTime:0.001000s ]
NOTIC: [8] Use of undefined constant id - assumed 'id' F:\wamp\www\xmantoo\Application\Runtime\Cache\Admin\a21bf2b82396b11cdd86210fe3490d95.php 第 85 行.
NOTIC: [8] Array to string conversion F:\wamp\www\xmantoo\Application\Runtime\Cache\Admin\a21bf2b82396b11cdd86210fe3490d95.php 第 85 行.
INFO: Run Behavior\ParseTemplateBehavior [ RunTime:0.023001s ]
INFO: [ view_parse ] --END-- [ RunTime:0.023001s ]
INFO: [ view_filter ] --START--
INFO: Run Behavior\WriteHtmlCacheBehavior [ RunTime:0.001000s ]
INFO: [ view_filter ] --END-- [ RunTime:0.001000s ]
INFO: [ app_end ] --START--
INFO: Run Behavior\ShowPageTraceBehavior [ RunTime:0.000000s ]
INFO: [ app_end ] --END-- [ RunTime:0.000000s ]

[ 2016-09-21T17:05:46+08:00 ] 127.0.0.1 /admin.php/Article/index.html
INFO: [ app_init ] --START--
INFO: Run Behavior\BuildLiteBehavior [ RunTime:0.000000s ]
INFO: [ app_init ] --END-- [ RunTime:0.001000s ]
INFO: [ app_begin ] --START--
INFO: Run Behavior\ReadHtmlCacheBehavior [ RunTime:0.000000s ]
INFO: [ app_begin ] --END-- [ RunTime:0.001000s ]
SQL: SHOW COLUMNS FROM `xman_article` [ RunTime:0.0020s ]
SQL: SELECT * FROM `xman_article`  [ RunTime:0.0010s ]
INFO: [ view_parse ] --START--
INFO: [ template_filter ] --START--
INFO: Run Behavior\ContentReplaceBehavior [ RunTime:0.000000s ]
INFO: [ template_filter ] --END-- [ RunTime:0.000000s ]
INFO: Run Behavior\ParseTemplateBehavior [ RunTime:0.032002s ]
INFO: [ view_parse ] --END-- [ RunTime:0.032002s ]
INFO: [ view_filter ] --START--
INFO: Run Behavior\WriteHtmlCacheBehavior [ RunTime:0.000000s ]
INFO: [ view_filter ] --END-- [ RunTime:0.000000s ]
INFO: [ app_end ] --START--
INFO: Run Behavior\ShowPageTraceBehavior [ RunTime:0.000000s ]
INFO: [ app_end ] --END-- [ RunTime:0.000000s ]

[ 2016-09-21T17:05:52+08:00 ] 127.0.0.1 /admin.php/Article/editArticle/id/1.html
INFO: [ app_init ] --START--
INFO: Run Behavior\BuildLiteBehavior [ RunTime:0.000000s ]
INFO: [ app_init ] --END-- [ RunTime:0.001000s ]
INFO: [ app_begin ] --START--
INFO: Run Behavior\ReadHtmlCacheBehavior [ RunTime:0.001000s ]
INFO: [ app_begin ] --END-- [ RunTime:0.001000s ]
SQL: SHOW COLUMNS FROM `xman_article` [ RunTime:0.0020s ]
SQL: SELECT * FROM `xman_article` WHERE `id` = 1 LIMIT 1   [ RunTime:0.0000s ]
INFO: [ view_parse ] --START--
INFO: [ template_filter ] --START--
INFO: Run Behavior\ContentReplaceBehavior [ RunTime:0.000000s ]
INFO: [ template_filter ] --END-- [ RunTime:0.000000s ]
NOTIC: [8] Use of undefined constant id - assumed 'id' F:\wamp\www\xmantoo\Application\Runtime\Cache\Admin\a21bf2b82396b11cdd86210fe3490d95.php 第 85 行.
NOTIC: [8] Array to string conversion F:\wamp\www\xmantoo\Application\Runtime\Cache\Admin\a21bf2b82396b11cdd86210fe3490d95.php 第 85 行.
INFO: Run Behavior\ParseTemplateBehavior [ RunTime:0.028002s ]
INFO: [ view_parse ] --END-- [ RunTime:0.029002s ]
INFO: [ view_filter ] --START--
INFO: Run Behavior\WriteHtmlCacheBehavior [ RunTime:0.000000s ]
INFO: [ view_filter ] --END-- [ RunTime:0.000000s ]
INFO: [ app_end ] --START--
INFO: Run Behavior\ShowPageTraceBehavior [ RunTime:0.000000s ]
INFO: [ app_end ] --END-- [ RunTime:0.000000s ]

[ 2016-09-21T17:06:38+08:00 ] 127.0.0.1 /admin.php/Article/index.html
INFO: [ app_init ] --START--
INFO: Run Behavior\BuildLiteBehavior [ RunTime:0.000000s ]
INFO: [ app_init ] --END-- [ RunTime:0.001000s ]
INFO: [ app_begin ] --START--
INFO: Run Behavior\ReadHtmlCacheBehavior [ RunTime:0.001000s ]
INFO: [ app_begin ] --END-- [ RunTime:0.001000s ]
SQL: SHOW COLUMNS FROM `xman_article` [ RunTime:0.0030s ]
SQL: SELECT * FROM `xman_article`  [ RunTime:0.0000s ]
INFO: [ view_parse ] --START--
INFO: [ template_filter ] --START--
INFO: Run Behavior\ContentReplaceBehavior [ RunTime:0.000000s ]
INFO: [ template_filter ] --END-- [ RunTime:0.001000s ]
INFO: Run Behavior\ParseTemplateBehavior [ RunTime:0.033002s ]
INFO: [ view_parse ] --END-- [ RunTime:0.033002s ]
INFO: [ view_filter ] --START--
INFO: Run Behavior\WriteHtmlCacheBehavior [ RunTime:0.000000s ]
INFO: [ view_filter ] --END-- [ RunTime:0.000000s ]
INFO: [ app_end ] --START--
INFO: Run Behavior\ShowPageTraceBehavior [ RunTime:0.000000s ]
INFO: [ app_end ] --END-- [ RunTime:0.000000s ]

[ 2016-09-21T17:06:39+08:00 ] 127.0.0.1 /admin.php/Article/editArticle/id/1.html
INFO: [ app_init ] --START--
INFO: Run Behavior\BuildLiteBehavior [ RunTime:0.000000s ]
INFO: [ app_init ] --END-- [ RunTime:0.000000s ]
INFO: [ app_begin ] --START--
INFO: Run Behavior\ReadHtmlCacheBehavior [ RunTime:0.001000s ]
INFO: [ app_begin ] --END-- [ RunTime:0.001000s ]
SQL: SHOW COLUMNS FROM `xman_article` [ RunTime:0.0020s ]
SQL: SELECT * FROM `xman_article` WHERE `id` = 1 LIMIT 1   [ RunTime:0.0010s ]
INFO: [ view_parse ] --START--
INFO: [ template_filter ] --START--
INFO: Run Behavior\ContentReplaceBehavior [ RunTime:0.000000s ]
INFO: [ template_filter ] --END-- [ RunTime:0.000000s ]
NOTIC: [8] Use of undefined constant id - assumed 'id' F:\wamp\www\xmantoo\Application\Runtime\Cache\Admin\a21bf2b82396b11cdd86210fe3490d95.php 第 85 行.
NOTIC: [8] Array to string conversion F:\wamp\www\xmantoo\Application\Runtime\Cache\Admin\a21bf2b82396b11cdd86210fe3490d95.php 第 85 行.
INFO: Run Behavior\ParseTemplateBehavior [ RunTime:0.025002s ]
INFO: [ view_parse ] --END-- [ RunTime:0.025002s ]
INFO: [ view_filter ] --START--
INFO: Run Behavior\WriteHtmlCacheBehavior [ RunTime:0.001000s ]
INFO: [ view_filter ] --END-- [ RunTime:0.001000s ]
INFO: [ app_end ] --START--
INFO: Run Behavior\ShowPageTraceBehavior [ RunTime:0.001000s ]
INFO: [ app_end ] --END-- [ RunTime:0.001000s ]

[ 2016-09-21T17:07:48+08:00 ] 127.0.0.1 /admin.php/Article/index.html
INFO: [ app_init ] --START--
INFO: Run Behavior\BuildLiteBehavior [ RunTime:0.000000s ]
INFO: [ app_init ] --END-- [ RunTime:0.001001s ]
INFO: [ app_begin ] --START--
INFO: Run Behavior\ReadHtmlCacheBehavior [ RunTime:0.001000s ]
INFO: [ app_begin ] --END-- [ RunTime:0.001000s ]
SQL: SHOW COLUMNS FROM `xman_article` [ RunTime:0.0030s ]
SQL: SELECT * FROM `xman_article`  [ RunTime:0.0000s ]
INFO: [ view_parse ] --START--
INFO: [ template_filter ] --START--
INFO: Run Behavior\ContentReplaceBehavior [ RunTime:0.001000s ]
INFO: [ template_filter ] --END-- [ RunTime:0.001000s ]
INFO: Run Behavior\ParseTemplateBehavior [ RunTime:0.034002s ]
INFO: [ view_parse ] --END-- [ RunTime:0.034002s ]
INFO: [ view_filter ] --START--
INFO: Run Behavior\WriteHtmlCacheBehavior [ RunTime:0.000000s ]
INFO: [ view_filter ] --END-- [ RunTime:0.001000s ]
INFO: [ app_end ] --START--
INFO: Run Behavior\ShowPageTraceBehavior [ RunTime:0.001000s ]
INFO: [ app_end ] --END-- [ RunTime:0.001000s ]

[ 2016-09-21T17:07:54+08:00 ] 127.0.0.1 /admin.php/Article/editArticle/id/1.html
INFO: [ app_init ] --START--
INFO: Run Behavior\BuildLiteBehavior [ RunTime:0.000000s ]
INFO: [ app_init ] --END-- [ RunTime:0.000000s ]
INFO: [ app_begin ] --START--
INFO: Run Behavior\ReadHtmlCacheBehavior [ RunTime:0.000000s ]
INFO: [ app_begin ] --END-- [ RunTime:0.000000s ]
SQL: SHOW COLUMNS FROM `xman_article` [ RunTime:0.0020s ]
SQL: SELECT * FROM `xman_article` WHERE `id` = 1 LIMIT 1   [ RunTime:0.0010s ]
INFO: [ view_parse ] --START--
INFO: [ template_filter ] --START--
INFO: Run Behavior\ContentReplaceBehavior [ RunTime:0.000000s ]
INFO: [ template_filter ] --END-- [ RunTime:0.000000s ]
NOTIC: [8] Use of undefined constant id - assumed 'id' F:\wamp\www\xmantoo\Application\Runtime\Cache\Admin\a21bf2b82396b11cdd86210fe3490d95.php 第 85 行.
NOTIC: [8] Array to string conversion F:\wamp\www\xmantoo\Application\Runtime\Cache\Admin\a21bf2b82396b11cdd86210fe3490d95.php 第 85 行.
INFO: Run Behavior\ParseTemplateBehavior [ RunTime:0.022001s ]
INFO: [ view_parse ] --END-- [ RunTime:0.022001s ]
INFO: [ view_filter ] --START--
INFO: Run Behavior\WriteHtmlCacheBehavior [ RunTime:0.001000s ]
INFO: [ view_filter ] --END-- [ RunTime:0.001000s ]
INFO: [ app_end ] --START--
INFO: Run Behavior\ShowPageTraceBehavior [ RunTime:0.000000s ]
INFO: [ app_end ] --END-- [ RunTime:0.000000s ]

[ 2016-09-21T17:08:37+08:00 ] 127.0.0.1 /admin.php/Article/index.html
INFO: [ app_init ] --START--
INFO: Run Behavior\BuildLiteBehavior [ RunTime:0.000000s ]
INFO: [ app_init ] --END-- [ RunTime:0.001000s ]
INFO: [ app_begin ] --START--
INFO: Run Behavior\ReadHtmlCacheBehavior [ RunTime:0.000000s ]
INFO: [ app_begin ] --END-- [ RunTime:0.001001s ]
SQL: SHOW COLUMNS FROM `xman_article` [ RunTime:0.0050s ]
SQL: SELECT * FROM `xman_article`  [ RunTime:0.0010s ]
INFO: [ view_parse ] --START--
INFO: [ template_filter ] --START--
INFO: Run Behavior\ContentReplaceBehavior [ RunTime:0.000000s ]
INFO: [ template_filter ] --END-- [ RunTime:0.000000s ]
INFO: Run Behavior\ParseTemplateBehavior [ RunTime:0.027002s ]
INFO: [ view_parse ] --END-- [ RunTime:0.027002s ]
INFO: [ view_filter ] --START--
INFO: Run Behavior\WriteHtmlCacheBehavior [ RunTime:0.001000s ]
INFO: [ view_filter ] --END-- [ RunTime:0.001000s ]
INFO: [ app_end ] --START--
INFO: Run Behavior\ShowPageTraceBehavior [ RunTime:0.001000s ]
INFO: [ app_end ] --END-- [ RunTime:0.001000s ]

[ 2016-09-21T17:08:38+08:00 ] 127.0.0.1 /admin.php/Article/editArticle/id/1.html
INFO: [ app_init ] --START--
INFO: Run Behavior\BuildLiteBehavior [ RunTime:0.000000s ]
INFO: [ app_init ] --END-- [ RunTime:0.001000s ]
INFO: [ app_begin ] --START--
INFO: Run Behavior\ReadHtmlCacheBehavior [ RunTime:0.001000s ]
INFO: [ app_begin ] --END-- [ RunTime:0.001000s ]
SQL: SHOW COLUMNS FROM `xman_article` [ RunTime:0.0020s ]
SQL: SELECT * FROM `xman_article` WHERE `id` = 1 LIMIT 1   [ RunTime:0.0000s ]
INFO: [ view_parse ] --START--
INFO: [ template_filter ] --START--
INFO: Run Behavior\ContentReplaceBehavior [ RunTime:0.000000s ]
INFO: [ template_filter ] --END-- [ RunTime:0.000000s ]
NOTIC: [8] Use of undefined constant id - assumed 'id' F:\wamp\www\xmantoo\Application\Runtime\Cache\Admin\a21bf2b82396b11cdd86210fe3490d95.php 第 85 行.
NOTIC: [8] Array to string conversion F:\wamp\www\xmantoo\Application\Runtime\Cache\Admin\a21bf2b82396b11cdd86210fe3490d95.php 第 85 行.
INFO: Run Behavior\ParseTemplateBehavior [ RunTime:0.023002s ]
INFO: [ view_parse ] --END-- [ RunTime:0.023002s ]
INFO: [ view_filter ] --START--
INFO: Run Behavior\WriteHtmlCacheBehavior [ RunTime:0.000000s ]
INFO: [ view_filter ] --END-- [ RunTime:0.000000s ]
INFO: [ app_end ] --START--
INFO: Run Behavior\ShowPageTraceBehavior [ RunTime:0.001000s ]
INFO: [ app_end ] --END-- [ RunTime:0.001000s ]

[ 2016-09-21T17:08:56+08:00 ] 127.0.0.1 /admin.php/Article/index.html
INFO: [ app_init ] --START--
INFO: Run Behavior\BuildLiteBehavior [ RunTime:0.000000s ]
INFO: [ app_init ] --END-- [ RunTime:0.000000s ]
INFO: [ app_begin ] --START--
INFO: Run Behavior\ReadHtmlCacheBehavior [ RunTime:0.001000s ]
INFO: [ app_begin ] --END-- [ RunTime:0.001000s ]
SQL: SHOW COLUMNS FROM `xman_article` [ RunTime:0.0020s ]
SQL: SELECT * FROM `xman_article`  [ RunTime:0.0000s ]
INFO: [ view_parse ] --START--
INFO: [ template_filter ] --START--
INFO: Run Behavior\ContentReplaceBehavior [ RunTime:0.000000s ]
INFO: [ template_filter ] --END-- [ RunTime:0.001000s ]
INFO: Run Behavior\ParseTemplateBehavior [ RunTime:0.025001s ]
INFO: [ view_parse ] --END-- [ RunTime:0.025001s ]
INFO: [ view_filter ] --START--
INFO: Run Behavior\WriteHtmlCacheBehavior [ RunTime:0.001001s ]
INFO: [ view_filter ] --END-- [ RunTime:0.001001s ]
INFO: [ app_end ] --START--
INFO: Run Behavior\ShowPageTraceBehavior [ RunTime:0.002000s ]
INFO: [ app_end ] --END-- [ RunTime:0.002000s ]

[ 2016-09-21T17:08:57+08:00 ] 127.0.0.1 /admin.php/Article/editArticle/id/1.html
INFO: [ app_init ] --START--
INFO: Run Behavior\BuildLiteBehavior [ RunTime:0.000000s ]
INFO: [ app_init ] --END-- [ RunTime:0.000000s ]
INFO: [ app_begin ] --START--
INFO: Run Behavior\ReadHtmlCacheBehavior [ RunTime:0.001000s ]
INFO: [ app_begin ] --END-- [ RunTime:0.001000s ]
SQL: SHOW COLUMNS FROM `xman_article` [ RunTime:0.0020s ]
SQL: SELECT * FROM `xman_article` WHERE `id` = 1 LIMIT 1   [ RunTime:0.0000s ]
INFO: [ view_parse ] --START--
INFO: [ template_filter ] --START--
INFO: Run Behavior\ContentReplaceBehavior [ RunTime:0.000000s ]
INFO: [ template_filter ] --END-- [ RunTime:0.000000s ]
NOTIC: [8] Use of undefined constant id - assumed 'id' F:\wamp\www\xmantoo\Application\Runtime\Cache\Admin\a21bf2b82396b11cdd86210fe3490d95.php 第 85 行.
NOTIC: [8] Array to string conversion F:\wamp\www\xmantoo\Application\Runtime\Cache\Admin\a21bf2b82396b11cdd86210fe3490d95.php 第 85 行.
INFO: Run Behavior\ParseTemplateBehavior [ RunTime:0.024002s ]
INFO: [ view_parse ] --END-- [ RunTime:0.025002s ]
INFO: [ view_filter ] --START--
INFO: Run Behavior\WriteHtmlCacheBehavior [ RunTime:0.000000s ]
INFO: [ view_filter ] --END-- [ RunTime:0.000000s ]
INFO: [ app_end ] --START--
INFO: Run Behavior\ShowPageTraceBehavior [ RunTime:0.000000s ]
INFO: [ app_end ] --END-- [ RunTime:0.002000s ]

[ 2016-09-21T17:10:27+08:00 ] 127.0.0.1 /admin.php/Article/index.html
INFO: [ app_init ] --START--
INFO: Run Behavior\BuildLiteBehavior [ RunTime:0.000000s ]
INFO: [ app_init ] --END-- [ RunTime:0.000000s ]
INFO: [ app_begin ] --START--
INFO: Run Behavior\ReadHtmlCacheBehavior [ RunTime:0.000000s ]
INFO: [ app_begin ] --END-- [ RunTime:0.001001s ]
SQL: SHOW COLUMNS FROM `xman_article` [ RunTime:0.0020s ]
SQL: SELECT * FROM `xman_article`  [ RunTime:0.0000s ]
INFO: [ view_parse ] --START--
INFO: [ template_filter ] --START--
INFO: Run Behavior\ContentReplaceBehavior [ RunTime:0.000000s ]
INFO: [ template_filter ] --END-- [ RunTime:0.001000s ]
INFO: Run Behavior\ParseTemplateBehavior [ RunTime:0.030001s ]
INFO: [ view_parse ] --END-- [ RunTime:0.030001s ]
INFO: [ view_filter ] --START--
INFO: Run Behavior\WriteHtmlCacheBehavior [ RunTime:0.000000s ]
INFO: [ view_filter ] --END-- [ RunTime:0.001000s ]
INFO: [ app_end ] --START--
INFO: Run Behavior\ShowPageTraceBehavior [ RunTime:0.001000s ]
INFO: [ app_end ] --END-- [ RunTime:0.002001s ]

[ 2016-09-21T17:10:28+08:00 ] 127.0.0.1 /admin.php/Article/editArticle/id/1.html
INFO: [ app_init ] --START--
INFO: Run Behavior\BuildLiteBehavior [ RunTime:0.000000s ]
INFO: [ app_init ] --END-- [ RunTime:0.001000s ]
INFO: [ app_begin ] --START--
INFO: Run Behavior\ReadHtmlCacheBehavior [ RunTime:0.001000s ]
INFO: [ app_begin ] --END-- [ RunTime:0.001000s ]
SQL: SHOW COLUMNS FROM `xman_article` [ RunTime:0.0030s ]
SQL: SELECT * FROM `xman_article` WHERE `id` = 1 LIMIT 1   [ RunTime:0.0000s ]
INFO: [ view_parse ] --START--
INFO: [ template_filter ] --START--
INFO: Run Behavior\ContentReplaceBehavior [ RunTime:0.000000s ]
INFO: [ template_filter ] --END-- [ RunTime:0.001000s ]
NOTIC: [8] Use of undefined constant id - assumed 'id' F:\wamp\www\xmantoo\Application\Runtime\Cache\Admin\a21bf2b82396b11cdd86210fe3490d95.php 第 85 行.
NOTIC: [8] Array to string conversion F:\wamp\www\xmantoo\Application\Runtime\Cache\Admin\a21bf2b82396b11cdd86210fe3490d95.php 第 85 行.
INFO: Run Behavior\ParseTemplateBehavior [ RunTime:0.026001s ]
INFO: [ view_parse ] --END-- [ RunTime:0.026001s ]
INFO: [ view_filter ] --START--
INFO: Run Behavior\WriteHtmlCacheBehavior [ RunTime:0.000000s ]
INFO: [ view_filter ] --END-- [ RunTime:0.000000s ]
INFO: [ app_end ] --START--
INFO: Run Behavior\ShowPageTraceBehavior [ RunTime:0.000000s ]
INFO: [ app_end ] --END-- [ RunTime:0.000000s ]

[ 2016-09-21T17:10:50+08:00 ] 127.0.0.1 /admin.php/Article/index.html
INFO: [ app_init ] --START--
INFO: Run Behavior\BuildLiteBehavior [ RunTime:0.000000s ]
INFO: [ app_init ] --END-- [ RunTime:0.001000s ]
INFO: [ app_begin ] --START--
INFO: Run Behavior\ReadHtmlCacheBehavior [ RunTime:0.000000s ]
INFO: [ app_begin ] --END-- [ RunTime:0.000000s ]
SQL: SHOW COLUMNS FROM `xman_article` [ RunTime:0.0030s ]
SQL: SELECT * FROM `xman_article`  [ RunTime:0.0000s ]
INFO: [ view_parse ] --START--
INFO: [ template_filter ] --START--
INFO: Run Behavior\ContentReplaceBehavior [ RunTime:0.000000s ]
INFO: [ template_filter ] --END-- [ RunTime:0.002001s ]
INFO: Run Behavior\ParseTemplateBehavior [ RunTime:0.028001s ]
INFO: [ view_parse ] --END-- [ RunTime:0.028001s ]
INFO: [ view_filter ] --START--
INFO: Run Behavior\WriteHtmlCacheBehavior [ RunTime:0.000000s ]
INFO: [ view_filter ] --END-- [ RunTime:0.000000s ]
INFO: [ app_end ] --START--
INFO: Run Behavior\ShowPageTraceBehavior [ RunTime:0.000000s ]
INFO: [ app_end ] --END-- [ RunTime:0.000000s ]

[ 2016-09-21T17:10:51+08:00 ] 127.0.0.1 /admin.php/Article/editArticle/id/1.html
INFO: [ app_init ] --START--
INFO: Run Behavior\BuildLiteBehavior [ RunTime:0.000000s ]
INFO: [ app_init ] --END-- [ RunTime:0.001000s ]
INFO: [ app_begin ] --START--
INFO: Run Behavior\ReadHtmlCacheBehavior [ RunTime:0.000000s ]
INFO: [ app_begin ] --END-- [ RunTime:0.001000s ]
SQL: SHOW COLUMNS FROM `xman_article` [ RunTime:0.0030s ]
SQL: SELECT * FROM `xman_article` WHERE `id` = 1 LIMIT 1   [ RunTime:0.0010s ]
INFO: [ view_parse ] --START--
INFO: [ template_filter ] --START--
INFO: Run Behavior\ContentReplaceBehavior [ RunTime:0.001000s ]
INFO: [ template_filter ] --END-- [ RunTime:0.001000s ]
NOTIC: [8] Use of undefined constant id - assumed 'id' F:\wamp\www\xmantoo\Application\Runtime\Cache\Admin\a21bf2b82396b11cdd86210fe3490d95.php 第 85 行.
NOTIC: [8] Array to string conversion F:\wamp\www\xmantoo\Application\Runtime\Cache\Admin\a21bf2b82396b11cdd86210fe3490d95.php 第 85 行.
INFO: Run Behavior\ParseTemplateBehavior [ RunTime:0.028001s ]
INFO: [ view_parse ] --END-- [ RunTime:0.028001s ]
INFO: [ view_filter ] --START--
INFO: Run Behavior\WriteHtmlCacheBehavior [ RunTime:0.000000s ]
INFO: [ view_filter ] --END-- [ RunTime:0.001000s ]
INFO: [ app_end ] --START--
INFO: Run Behavior\ShowPageTraceBehavior [ RunTime:0.001000s ]
INFO: [ app_end ] --END-- [ RunTime:0.001000s ]

[ 2016-09-21T17:11:14+08:00 ] 127.0.0.1 /admin.php/Article/index.html
INFO: [ app_init ] --START--
INFO: Run Behavior\BuildLiteBehavior [ RunTime:0.000000s ]
INFO: [ app_init ] --END-- [ RunTime:0.001000s ]
INFO: [ app_begin ] --START--
INFO: Run Behavior\ReadHtmlCacheBehavior [ RunTime:0.001000s ]
INFO: [ app_begin ] --END-- [ RunTime:0.001000s ]
SQL: SHOW COLUMNS FROM `xman_article` [ RunTime:0.0030s ]
SQL: SELECT * FROM `xman_article`  [ RunTime:0.0010s ]
INFO: [ view_parse ] --START--
INFO: [ template_filter ] --START--
INFO: Run Behavior\ContentReplaceBehavior [ RunTime:0.000000s ]
INFO: [ template_filter ] --END-- [ RunTime:0.000000s ]
INFO: Run Behavior\ParseTemplateBehavior [ RunTime:0.028001s ]
INFO: [ view_parse ] --END-- [ RunTime:0.028001s ]
INFO: [ view_filter ] --START--
INFO: Run Behavior\WriteHtmlCacheBehavior [ RunTime:0.000000s ]
INFO: [ view_filter ] --END-- [ RunTime:0.001001s ]
INFO: [ app_end ] --START--
INFO: Run Behavior\ShowPageTraceBehavior [ RunTime:0.001000s ]
INFO: [ app_end ] --END-- [ RunTime:0.002000s ]

[ 2016-09-21T17:11:15+08:00 ] 127.0.0.1 /admin.php/Article/editArticle/id/1.html
INFO: [ app_init ] --START--
INFO: Run Behavior\BuildLiteBehavior [ RunTime:0.000000s ]
INFO: [ app_init ] --END-- [ RunTime:0.000000s ]
INFO: [ app_begin ] --START--
INFO: Run Behavior\ReadHtmlCacheBehavior [ RunTime:0.001000s ]
INFO: [ app_begin ] --END-- [ RunTime:0.001000s ]
SQL: SHOW COLUMNS FROM `xman_article` [ RunTime:0.0030s ]
SQL: SELECT * FROM `xman_article` WHERE `id` = 1 LIMIT 1   [ RunTime:0.0000s ]
INFO: [ view_parse ] --START--
INFO: [ template_filter ] --START--
INFO: Run Behavior\ContentReplaceBehavior [ RunTime:0.000000s ]
INFO: [ template_filter ] --END-- [ RunTime:0.000000s ]
NOTIC: [8] Use of undefined constant id - assumed 'id' F:\wamp\www\xmantoo\Application\Runtime\Cache\Admin\a21bf2b82396b11cdd86210fe3490d95.php 第 85 行.
NOTIC: [8] Array to string conversion F:\wamp\www\xmantoo\Application\Runtime\Cache\Admin\a21bf2b82396b11cdd86210fe3490d95.php 第 85 行.
INFO: Run Behavior\ParseTemplateBehavior [ RunTime:0.024002s ]
INFO: [ view_parse ] --END-- [ RunTime:0.025002s ]
INFO: [ view_filter ] --START--
INFO: Run Behavior\WriteHtmlCacheBehavior [ RunTime:0.000000s ]
INFO: [ view_filter ] --END-- [ RunTime:0.000000s ]
INFO: [ app_end ] --START--
INFO: Run Behavior\ShowPageTraceBehavior [ RunTime:0.001000s ]
INFO: [ app_end ] --END-- [ RunTime:0.001000s ]

[ 2016-09-21T17:11:33+08:00 ] 127.0.0.1 /admin.php/Article/index.html
INFO: [ app_init ] --START--
INFO: Run Behavior\BuildLiteBehavior [ RunTime:0.000000s ]
INFO: [ app_init ] --END-- [ RunTime:0.001000s ]
INFO: [ app_begin ] --START--
INFO: Run Behavior\ReadHtmlCacheBehavior [ RunTime:0.000000s ]
INFO: [ app_begin ] --END-- [ RunTime:0.000000s ]
SQL: SHOW COLUMNS FROM `xman_article` [ RunTime:0.0030s ]
SQL: SELECT * FROM `xman_article`  [ RunTime:0.0000s ]
INFO: [ view_parse ] --START--
INFO: [ template_filter ] --START--
INFO: Run Behavior\ContentReplaceBehavior [ RunTime:0.000000s ]
INFO: [ template_filter ] --END-- [ RunTime:0.000000s ]
INFO: Run Behavior\ParseTemplateBehavior [ RunTime:0.030002s ]
INFO: [ view_parse ] --END-- [ RunTime:0.031002s ]
INFO: [ view_filter ] --START--
INFO: Run Behavior\WriteHtmlCacheBehavior [ RunTime:0.000000s ]
INFO: [ view_filter ] --END-- [ RunTime:0.000000s ]
INFO: [ app_end ] --START--
INFO: Run Behavior\ShowPageTraceBehavior [ RunTime:0.001000s ]
INFO: [ app_end ] --END-- [ RunTime:0.001000s ]

[ 2016-09-21T17:11:36+08:00 ] 127.0.0.1 /admin.php/Article/editArticle/id/1.html
INFO: [ app_init ] --START--
INFO: Run Behavior\BuildLiteBehavior [ RunTime:0.000000s ]
INFO: [ app_init ] --END-- [ RunTime:0.000000s ]
INFO: [ app_begin ] --START--
INFO: Run Behavior\ReadHtmlCacheBehavior [ RunTime:0.000000s ]
INFO: [ app_begin ] --END-- [ RunTime:0.001001s ]
SQL: SHOW COLUMNS FROM `xman_article` [ RunTime:0.0020s ]
SQL: SELECT * FROM `xman_article` WHERE `id` = 1 LIMIT 1   [ RunTime:0.0000s ]
INFO: [ view_parse ] --START--
INFO: [ template_filter ] --START--
INFO: Run Behavior\ContentReplaceBehavior [ RunTime:0.000000s ]
INFO: [ template_filter ] --END-- [ RunTime:0.000000s ]
NOTIC: [8] Use of undefined constant id - assumed 'id' F:\wamp\www\xmantoo\Application\Runtime\Cache\Admin\a21bf2b82396b11cdd86210fe3490d95.php 第 85 行.
NOTIC: [8] Array to string conversion F:\wamp\www\xmantoo\Application\Runtime\Cache\Admin\a21bf2b82396b11cdd86210fe3490d95.php 第 85 行.
INFO: Run Behavior\ParseTemplateBehavior [ RunTime:0.021002s ]
INFO: [ view_parse ] --END-- [ RunTime:0.022002s ]
INFO: [ view_filter ] --START--
INFO: Run Behavior\WriteHtmlCacheBehavior [ RunTime:0.000000s ]
INFO: [ view_filter ] --END-- [ RunTime:0.000000s ]
INFO: [ app_end ] --START--
INFO: Run Behavior\ShowPageTraceBehavior [ RunTime:0.000000s ]
INFO: [ app_end ] --END-- [ RunTime:0.000000s ]

[ 2016-09-21T17:17:03+08:00 ] 127.0.0.1 /admin.php/Article/index.html
INFO: [ app_init ] --START--
INFO: Run Behavior\BuildLiteBehavior [ RunTime:0.000000s ]
INFO: [ app_init ] --END-- [ RunTime:0.001000s ]
INFO: [ app_begin ] --START--
INFO: Run Behavior\ReadHtmlCacheBehavior [ RunTime:0.001000s ]
INFO: [ app_begin ] --END-- [ RunTime:0.001000s ]
SQL: SHOW COLUMNS FROM `xman_article` [ RunTime:0.0030s ]
SQL: SELECT * FROM `xman_article`  [ RunTime:0.0010s ]
INFO: [ view_parse ] --START--
INFO: [ template_filter ] --START--
INFO: Run Behavior\ContentReplaceBehavior [ RunTime:0.000000s ]
INFO: [ template_filter ] --END-- [ RunTime:0.000000s ]
INFO: Run Behavior\ParseTemplateBehavior [ RunTime:0.031002s ]
INFO: [ view_parse ] --END-- [ RunTime:0.031002s ]
INFO: [ view_filter ] --START--
INFO: Run Behavior\WriteHtmlCacheBehavior [ RunTime:0.001000s ]
INFO: [ view_filter ] --END-- [ RunTime:0.001000s ]
INFO: [ app_end ] --START--
INFO: Run Behavior\ShowPageTraceBehavior [ RunTime:0.001000s ]
INFO: [ app_end ] --END-- [ RunTime:0.001000s ]

[ 2016-09-21T17:17:05+08:00 ] 127.0.0.1 /admin.php/Article/editArticle/id/1.html
INFO: [ app_init ] --START--
INFO: Run Behavior\BuildLiteBehavior [ RunTime:0.000000s ]
INFO: [ app_init ] --END-- [ RunTime:0.001000s ]
INFO: [ app_begin ] --START--
INFO: Run Behavior\ReadHtmlCacheBehavior [ RunTime:0.001000s ]
INFO: [ app_begin ] --END-- [ RunTime:0.001000s ]
SQL: SHOW COLUMNS FROM `xman_article` [ RunTime:0.0020s ]
SQL: SELECT * FROM `xman_article` WHERE `id` = 1 LIMIT 1   [ RunTime:0.0010s ]
INFO: [ view_parse ] --START--
INFO: [ template_filter ] --START--
INFO: Run Behavior\ContentReplaceBehavior [ RunTime:0.000000s ]
INFO: [ template_filter ] --END-- [ RunTime:0.000000s ]
NOTIC: [8] Use of undefined constant id - assumed 'id' F:\wamp\www\xmantoo\Application\Runtime\Cache\Admin\a21bf2b82396b11cdd86210fe3490d95.php 第 85 行.
NOTIC: [8] Array to string conversion F:\wamp\www\xmantoo\Application\Runtime\Cache\Admin\a21bf2b82396b11cdd86210fe3490d95.php 第 85 行.
INFO: Run Behavior\ParseTemplateBehavior [ RunTime:0.021001s ]
INFO: [ view_parse ] --END-- [ RunTime:0.021001s ]
INFO: [ view_filter ] --START--
INFO: Run Behavior\WriteHtmlCacheBehavior [ RunTime:0.000000s ]
INFO: [ view_filter ] --END-- [ RunTime:0.000000s ]
INFO: [ app_end ] --START--
INFO: Run Behavior\ShowPageTraceBehavior [ RunTime:0.001000s ]
INFO: [ app_end ] --END-- [ RunTime:0.001000s ]

[ 2016-09-21T17:21:34+08:00 ] 127.0.0.1 /admin.php/Article/index.html
INFO: [ app_init ] --START--
INFO: Run Behavior\BuildLiteBehavior [ RunTime:0.000000s ]
INFO: [ app_init ] --END-- [ RunTime:0.001000s ]
INFO: [ app_begin ] --START--
INFO: Run Behavior\ReadHtmlCacheBehavior [ RunTime:0.001000s ]
INFO: [ app_begin ] --END-- [ RunTime:0.001000s ]
SQL: SHOW COLUMNS FROM `xman_article` [ RunTime:0.0030s ]
SQL: SELECT * FROM `xman_article`  [ RunTime:0.0010s ]
INFO: [ view_parse ] --START--
INFO: [ template_filter ] --START--
INFO: Run Behavior\ContentReplaceBehavior [ RunTime:0.000000s ]
INFO: [ template_filter ] --END-- [ RunTime:0.000000s ]
INFO: Run Behavior\ParseTemplateBehavior [ RunTime:0.029001s ]
INFO: [ view_parse ] --END-- [ RunTime:0.030001s ]
INFO: [ view_filter ] --START--
INFO: Run Behavior\WriteHtmlCacheBehavior [ RunTime:0.000000s ]
INFO: [ view_filter ] --END-- [ RunTime:0.000000s ]
INFO: [ app_end ] --START--
INFO: Run Behavior\ShowPageTraceBehavior [ RunTime:0.001000s ]
INFO: [ app_end ] --END-- [ RunTime:0.001000s ]

[ 2016-09-21T17:21:35+08:00 ] 127.0.0.1 /admin.php/Article/editArticle/id/1.html
INFO: [ app_init ] --START--
INFO: Run Behavior\BuildLiteBehavior [ RunTime:0.000000s ]
INFO: [ app_init ] --END-- [ RunTime:0.001000s ]
INFO: [ app_begin ] --START--
INFO: Run Behavior\ReadHtmlCacheBehavior [ RunTime:0.001000s ]
INFO: [ app_begin ] --END-- [ RunTime:0.002000s ]
SQL: SHOW COLUMNS FROM `xman_article` [ RunTime:0.0020s ]
SQL: SELECT * FROM `xman_article` WHERE `id` = 1 LIMIT 1   [ RunTime:0.0000s ]
INFO: [ view_parse ] --START--
INFO: [ template_filter ] --START--
INFO: Run Behavior\ContentReplaceBehavior [ RunTime:0.000000s ]
INFO: [ template_filter ] --END-- [ RunTime:0.000000s ]
NOTIC: [8] Use of undefined constant id - assumed 'id' F:\wamp\www\xmantoo\Application\Runtime\Cache\Admin\a21bf2b82396b11cdd86210fe3490d95.php 第 85 行.
NOTIC: [8] Array to string conversion F:\wamp\www\xmantoo\Application\Runtime\Cache\Admin\a21bf2b82396b11cdd86210fe3490d95.php 第 85 行.
INFO: Run Behavior\ParseTemplateBehavior [ RunTime:0.022001s ]
INFO: [ view_parse ] --END-- [ RunTime:0.022001s ]
INFO: [ view_filter ] --START--
INFO: Run Behavior\WriteHtmlCacheBehavior [ RunTime:0.000000s ]
INFO: [ view_filter ] --END-- [ RunTime:0.000000s ]
INFO: [ app_end ] --START--
INFO: Run Behavior\ShowPageTraceBehavior [ RunTime:0.000000s ]
INFO: [ app_end ] --END-- [ RunTime:0.001000s ]

[ 2016-09-21T17:21:51+08:00 ] 127.0.0.1 /admin.php/Article/index.html
INFO: [ app_init ] --START--
INFO: Run Behavior\BuildLiteBehavior [ RunTime:0.000000s ]
INFO: [ app_init ] --END-- [ RunTime:0.001000s ]
INFO: [ app_begin ] --START--
INFO: Run Behavior\ReadHtmlCacheBehavior [ RunTime:0.001000s ]
INFO: [ app_begin ] --END-- [ RunTime:0.001000s ]
SQL: SHOW COLUMNS FROM `xman_article` [ RunTime:0.0020s ]
SQL: SELECT * FROM `xman_article`  [ RunTime:0.0010s ]
INFO: [ view_parse ] --START--
INFO: [ template_filter ] --START--
INFO: Run Behavior\ContentReplaceBehavior [ RunTime:0.000000s ]
INFO: [ template_filter ] --END-- [ RunTime:0.000000s ]
INFO: Run Behavior\ParseTemplateBehavior [ RunTime:0.032002s ]
INFO: [ view_parse ] --END-- [ RunTime:0.032002s ]
INFO: [ view_filter ] --START--
INFO: Run Behavior\WriteHtmlCacheBehavior [ RunTime:0.000000s ]
INFO: [ view_filter ] --END-- [ RunTime:0.000000s ]
INFO: [ app_end ] --START--
INFO: Run Behavior\ShowPageTraceBehavior [ RunTime:0.001000s ]
INFO: [ app_end ] --END-- [ RunTime:0.001000s ]

[ 2016-09-21T17:21:53+08:00 ] 127.0.0.1 /admin.php/Article/editArticle/id/1.html
INFO: [ app_init ] --START--
INFO: Run Behavior\BuildLiteBehavior [ RunTime:0.001000s ]
INFO: [ app_init ] --END-- [ RunTime:0.001000s ]
INFO: [ app_begin ] --START--
INFO: Run Behavior\ReadHtmlCacheBehavior [ RunTime:0.001000s ]
INFO: [ app_begin ] --END-- [ RunTime:0.001000s ]
SQL: SHOW COLUMNS FROM `xman_article` [ RunTime:0.0020s ]
SQL: SELECT * FROM `xman_article` WHERE `id` = 1 LIMIT 1   [ RunTime:0.0010s ]
INFO: [ view_parse ] --START--
INFO: [ template_filter ] --START--
INFO: Run Behavior\ContentReplaceBehavior [ RunTime:0.000000s ]
INFO: [ template_filter ] --END-- [ RunTime:0.000000s ]
NOTIC: [8] Use of undefined constant id - assumed 'id' F:\wamp\www\xmantoo\Application\Runtime\Cache\Admin\a21bf2b82396b11cdd86210fe3490d95.php 第 85 行.
NOTIC: [8] Array to string conversion F:\wamp\www\xmantoo\Application\Runtime\Cache\Admin\a21bf2b82396b11cdd86210fe3490d95.php 第 85 行.
INFO: Run Behavior\ParseTemplateBehavior [ RunTime:0.024002s ]
INFO: [ view_parse ] --END-- [ RunTime:0.024002s ]
INFO: [ view_filter ] --START--
INFO: Run Behavior\WriteHtmlCacheBehavior [ RunTime:0.000000s ]
INFO: [ view_filter ] --END-- [ RunTime:0.000000s ]
INFO: [ app_end ] --START--
INFO: Run Behavior\ShowPageTraceBehavior [ RunTime:0.000000s ]
INFO: [ app_end ] --END-- [ RunTime:0.000000s ]

[ 2016-09-21T17:24:03+08:00 ] 127.0.0.1 /admin.php/Article/editArticle/id/Arrayid.html
INFO: [ app_init ] --START--
INFO: Run Behavior\BuildLiteBehavior [ RunTime:0.000000s ]
INFO: [ app_init ] --END-- [ RunTime:0.001000s ]
INFO: [ app_begin ] --START--
INFO: Run Behavior\ReadHtmlCacheBehavior [ RunTime:0.000000s ]
INFO: [ app_begin ] --END-- [ RunTime:0.001000s ]
SQL: SHOW COLUMNS FROM `xman_article` [ RunTime:0.0030s ]
SQL: UPDATE `xman_article` SET `article_title`='第一篇文章',`article_profile`='第一篇文章概述123',`article_content`='&lt;p&gt;阿飞萨芬大&lt;img src=&quot;/Upload/images/editor/20160921/1474447531779176.jpg&quot; title=&quot;1474447531779176.jpg&quot; alt=&quot;下载.jpg&quot;/&gt;dfsafsd asfdsafsadf&lt;/p&gt;',`article_type`='2' WHERE `id` = 0 [ RunTime:0.1310s ]
INFO: [ view_parse ] --START--
INFO: [ template_filter ] --START--
INFO: Run Behavior\ContentReplaceBehavior [ RunTime:0.000000s ]
INFO: [ template_filter ] --END-- [ RunTime:0.001000s ]
INFO: Run Behavior\ParseTemplateBehavior [ RunTime:0.017001s ]
INFO: [ view_parse ] --END-- [ RunTime:0.018001s ]
INFO: [ view_filter ] --START--
INFO: Run Behavior\WriteHtmlCacheBehavior [ RunTime:0.000000s ]
INFO: [ view_filter ] --END-- [ RunTime:0.001000s ]

[ 2016-09-21T17:24:12+08:00 ] 127.0.0.1 /admin.php/Article/index.html
INFO: [ app_init ] --START--
INFO: Run Behavior\BuildLiteBehavior [ RunTime:0.000000s ]
INFO: [ app_init ] --END-- [ RunTime:0.001000s ]
INFO: [ app_begin ] --START--
INFO: Run Behavior\ReadHtmlCacheBehavior [ RunTime:0.000000s ]
INFO: [ app_begin ] --END-- [ RunTime:0.001000s ]
SQL: SHOW COLUMNS FROM `xman_article` [ RunTime:0.0030s ]
SQL: SELECT * FROM `xman_article`  [ RunTime:0.0000s ]
INFO: [ view_parse ] --START--
INFO: [ template_filter ] --START--
INFO: Run Behavior\ContentReplaceBehavior [ RunTime:0.000000s ]
INFO: [ template_filter ] --END-- [ RunTime:0.000000s ]
INFO: Run Behavior\ParseTemplateBehavior [ RunTime:0.027001s ]
INFO: [ view_parse ] --END-- [ RunTime:0.027001s ]
INFO: [ view_filter ] --START--
INFO: Run Behavior\WriteHtmlCacheBehavior [ RunTime:0.000000s ]
INFO: [ view_filter ] --END-- [ RunTime:0.001000s ]
INFO: [ app_end ] --START--
INFO: Run Behavior\ShowPageTraceBehavior [ RunTime:0.000000s ]
INFO: [ app_end ] --END-- [ RunTime:0.000000s ]

[ 2016-09-21T17:24:13+08:00 ] 127.0.0.1 /admin.php/Article/editArticle/id/1.html
INFO: [ app_init ] --START--
INFO: Run Behavior\BuildLiteBehavior [ RunTime:0.000000s ]
INFO: [ app_init ] --END-- [ RunTime:0.001000s ]
INFO: [ app_begin ] --START--
INFO: Run Behavior\ReadHtmlCacheBehavior [ RunTime:0.001000s ]
INFO: [ app_begin ] --END-- [ RunTime:0.001000s ]
SQL: SHOW COLUMNS FROM `xman_article` [ RunTime:0.0030s ]
SQL: SELECT * FROM `xman_article` WHERE `id` = 1 LIMIT 1   [ RunTime:0.0010s ]
INFO: [ view_parse ] --START--
INFO: [ template_filter ] --START--
INFO: Run Behavior\ContentReplaceBehavior [ RunTime:0.000000s ]
INFO: [ template_filter ] --END-- [ RunTime:0.000000s ]
NOTIC: [8] Use of undefined constant id - assumed 'id' F:\wamp\www\xmantoo\Application\Runtime\Cache\Admin\a21bf2b82396b11cdd86210fe3490d95.php 第 85 行.
NOTIC: [8] Array to string conversion F:\wamp\www\xmantoo\Application\Runtime\Cache\Admin\a21bf2b82396b11cdd86210fe3490d95.php 第 85 行.
INFO: Run Behavior\ParseTemplateBehavior [ RunTime:0.023001s ]
INFO: [ view_parse ] --END-- [ RunTime:0.023001s ]
INFO: [ view_filter ] --START--
INFO: Run Behavior\WriteHtmlCacheBehavior [ RunTime:0.001000s ]
INFO: [ view_filter ] --END-- [ RunTime:0.001000s ]
INFO: [ app_end ] --START--
INFO: Run Behavior\ShowPageTraceBehavior [ RunTime:0.000000s ]
INFO: [ app_end ] --END-- [ RunTime:0.001000s ]

[ 2016-09-21T17:24:47+08:00 ] 127.0.0.1 /admin.php/Article/index.html
INFO: [ app_init ] --START--
INFO: Run Behavior\BuildLiteBehavior [ RunTime:0.000000s ]
INFO: [ app_init ] --END-- [ RunTime:0.001000s ]
INFO: [ app_begin ] --START--
INFO: Run Behavior\ReadHtmlCacheBehavior [ RunTime:0.001000s ]
INFO: [ app_begin ] --END-- [ RunTime:0.001000s ]
SQL: SHOW COLUMNS FROM `xman_article` [ RunTime:0.0030s ]
SQL: SELECT * FROM `xman_article`  [ RunTime:0.0010s ]
INFO: [ view_parse ] --START--
INFO: [ template_filter ] --START--
INFO: Run Behavior\ContentReplaceBehavior [ RunTime:0.000000s ]
INFO: [ template_filter ] --END-- [ RunTime:0.001000s ]
INFO: Run Behavior\ParseTemplateBehavior [ RunTime:0.026001s ]
INFO: [ view_parse ] --END-- [ RunTime:0.026001s ]
INFO: [ view_filter ] --START--
INFO: Run Behavior\WriteHtmlCacheBehavior [ RunTime:0.001000s ]
INFO: [ view_filter ] --END-- [ RunTime:0.001000s ]
INFO: [ app_end ] --START--
INFO: Run Behavior\ShowPageTraceBehavior [ RunTime:0.001000s ]
INFO: [ app_end ] --END-- [ RunTime:0.001000s ]

[ 2016-09-21T17:24:48+08:00 ] 127.0.0.1 /admin.php/Article/editArticle/id/1.html
INFO: [ app_init ] --START--
INFO: Run Behavior\BuildLiteBehavior [ RunTime:0.000000s ]
INFO: [ app_init ] --END-- [ RunTime:0.001000s ]
INFO: [ app_begin ] --START--
INFO: Run Behavior\ReadHtmlCacheBehavior [ RunTime:0.000000s ]
INFO: [ app_begin ] --END-- [ RunTime:0.000000s ]
SQL: SHOW COLUMNS FROM `xman_article` [ RunTime:0.0040s ]
SQL: SELECT * FROM `xman_article` WHERE `id` = 1 LIMIT 1   [ RunTime:0.0000s ]
INFO: [ view_parse ] --START--
INFO: [ template_filter ] --START--
INFO: Run Behavior\ContentReplaceBehavior [ RunTime:0.000000s ]
INFO: [ template_filter ] --END-- [ RunTime:0.001000s ]
INFO: Run Behavior\ParseTemplateBehavior [ RunTime:0.021001s ]
INFO: [ view_parse ] --END-- [ RunTime:0.021001s ]
INFO: [ view_filter ] --START--
INFO: Run Behavior\WriteHtmlCacheBehavior [ RunTime:0.000000s ]
INFO: [ view_filter ] --END-- [ RunTime:0.000000s ]
INFO: [ app_end ] --START--
INFO: Run Behavior\ShowPageTraceBehavior [ RunTime:0.000000s ]
INFO: [ app_end ] --END-- [ RunTime:0.001000s ]

[ 2016-09-21T17:24:58+08:00 ] 127.0.0.1 /admin.php/Article/editArticle/id/1.html
INFO: [ app_init ] --START--
INFO: Run Behavior\BuildLiteBehavior [ RunTime:0.000000s ]
INFO: [ app_init ] --END-- [ RunTime:0.000000s ]
INFO: [ app_begin ] --START--
INFO: Run Behavior\ReadHtmlCacheBehavior [ RunTime:0.001000s ]
INFO: [ app_begin ] --END-- [ RunTime:0.001000s ]
SQL: SHOW COLUMNS FROM `xman_article` [ RunTime:0.0030s ]
SQL: UPDATE `xman_article` SET `article_title`='第一篇文章',`article_profile`='第一篇文章概述2432',`article_content`='&lt;p&gt;阿飞萨芬大&lt;img src=&quot;/Upload/images/editor/20160921/1474447531779176.jpg&quot; title=&quot;1474447531779176.jpg&quot; alt=&quot;下载.jpg&quot;/&gt;asfsaafdsafdsa&lt;/p&gt;',`article_type`='1' WHERE `id` = 1 [ RunTime:0.0010s ]
INFO: [ view_parse ] --START--
INFO: [ template_filter ] --START--
INFO: Run Behavior\ContentReplaceBehavior [ RunTime:0.001000s ]
INFO: [ template_filter ] --END-- [ RunTime:0.001000s ]
INFO: Run Behavior\ParseTemplateBehavior [ RunTime:0.011001s ]
INFO: [ view_parse ] --END-- [ RunTime:0.012001s ]
INFO: [ view_filter ] --START--
INFO: Run Behavior\WriteHtmlCacheBehavior [ RunTime:0.000000s ]
INFO: [ view_filter ] --END-- [ RunTime:0.000000s ]

[ 2016-09-21T17:25:01+08:00 ] 127.0.0.1 /admin.php/Article/editArticle/id/1.html
INFO: [ app_init ] --START--
INFO: Run Behavior\BuildLiteBehavior [ RunTime:0.000000s ]
INFO: [ app_init ] --END-- [ RunTime:0.000000s ]
INFO: [ app_begin ] --START--
INFO: Run Behavior\ReadHtmlCacheBehavior [ RunTime:0.001000s ]
INFO: [ app_begin ] --END-- [ RunTime:0.001000s ]
SQL: SHOW COLUMNS FROM `xman_article` [ RunTime:0.0030s ]
SQL: SELECT * FROM `xman_article` WHERE `id` = 1 LIMIT 1   [ RunTime:0.0000s ]
INFO: [ view_parse ] --START--
INFO: [ template_filter ] --START--
INFO: Run Behavior\ContentReplaceBehavior [ RunTime:0.000000s ]
INFO: [ template_filter ] --END-- [ RunTime:0.000000s ]
INFO: Run Behavior\ParseTemplateBehavior [ RunTime:0.021001s ]
INFO: [ view_parse ] --END-- [ RunTime:0.021001s ]
INFO: [ view_filter ] --START--
INFO: Run Behavior\WriteHtmlCacheBehavior [ RunTime:0.000000s ]
INFO: [ view_filter ] --END-- [ RunTime:0.001001s ]
INFO: [ app_end ] --START--
INFO: Run Behavior\ShowPageTraceBehavior [ RunTime:0.001000s ]
INFO: [ app_end ] --END-- [ RunTime:0.001000s ]

[ 2016-09-21T17:25:02+08:00 ] 127.0.0.1 /admin.php/Article/index.html
INFO: [ app_init ] --START--
INFO: Run Behavior\BuildLiteBehavior [ RunTime:0.000000s ]
INFO: [ app_init ] --END-- [ RunTime:0.001000s ]
INFO: [ app_begin ] --START--
INFO: Run Behavior\ReadHtmlCacheBehavior [ RunTime:0.001000s ]
INFO: [ app_begin ] --END-- [ RunTime:0.001000s ]
SQL: SHOW COLUMNS FROM `xman_article` [ RunTime:0.0030s ]
SQL: SELECT * FROM `xman_article`  [ RunTime:0.0010s ]
INFO: [ view_parse ] --START--
INFO: [ template_filter ] --START--
INFO: Run Behavior\ContentReplaceBehavior [ RunTime:0.000000s ]
INFO: [ template_filter ] --END-- [ RunTime:0.001000s ]
INFO: Run Behavior\ParseTemplateBehavior [ RunTime:0.031002s ]
INFO: [ view_parse ] --END-- [ RunTime:0.031002s ]
INFO: [ view_filter ] --START--
INFO: Run Behavior\WriteHtmlCacheBehavior [ RunTime:0.001000s ]
INFO: [ view_filter ] --END-- [ RunTime:0.001000s ]
INFO: [ app_end ] --START--
INFO: Run Behavior\ShowPageTraceBehavior [ RunTime:0.001000s ]
INFO: [ app_end ] --END-- [ RunTime:0.001000s ]

[ 2016-09-21T17:25:04+08:00 ] 127.0.0.1 /admin.php/Article/editArticle/id/1.html
INFO: [ app_init ] --START--
INFO: Run Behavior\BuildLiteBehavior [ RunTime:0.000000s ]
INFO: [ app_init ] --END-- [ RunTime:0.000000s ]
INFO: [ app_begin ] --START--
INFO: Run Behavior\ReadHtmlCacheBehavior [ RunTime:0.000000s ]
INFO: [ app_begin ] --END-- [ RunTime:0.000000s ]
SQL: SHOW COLUMNS FROM `xman_article` [ RunTime:0.0020s ]
SQL: SELECT * FROM `xman_article` WHERE `id` = 1 LIMIT 1   [ RunTime:0.0000s ]
INFO: [ view_parse ] --START--
INFO: [ template_filter ] --START--
INFO: Run Behavior\ContentReplaceBehavior [ RunTime:0.000000s ]
INFO: [ template_filter ] --END-- [ RunTime:0.000000s ]
INFO: Run Behavior\ParseTemplateBehavior [ RunTime:0.021001s ]
INFO: [ view_parse ] --END-- [ RunTime:0.021001s ]
INFO: [ view_filter ] --START--
INFO: Run Behavior\WriteHtmlCacheBehavior [ RunTime:0.000000s ]
INFO: [ view_filter ] --END-- [ RunTime:0.001000s ]
INFO: [ app_end ] --START--
INFO: Run Behavior\ShowPageTraceBehavior [ RunTime:0.000000s ]
INFO: [ app_end ] --END-- [ RunTime:0.000000s ]

